{"total": {"lines":{"total":6395,"covered":3373,"skipped":0,"pct":52.74},"statements":{"total":6762,"covered":3472,"skipped":0,"pct":51.34},"functions":{"total":1680,"covered":999,"skipped":0,"pct":59.46},"branches":{"total":2978,"covered":1191,"skipped":0,"pct":39.99},"branchesTrue":{"total":0,"covered":0,"skipped":0,"pct":100}}
,"D:\\petalpath\\PETALPATH_app_v2.0\\backend\\src\\app.ts": {"lines":{"total":18,"covered":17,"skipped":0,"pct":94.44},"functions":{"total":2,"covered":2,"skipped":0,"pct":100},"statements":{"total":19,"covered":18,"skipped":0,"pct":94.73},"branches":{"total":2,"covered":1,"skipped":0,"pct":50}}
,"D:\\petalpath\\PETALPATH_app_v2.0\\backend\\src\\config\\database.ts": {"lines":{"total":5,"covered":5,"skipped":0,"pct":100},"functions":{"total":1,"covered":1,"skipped":0,"pct":100},"statements":{"total":5,"covered":5,"skipped":0,"pct":100},"branches":{"total":4,"covered":4,"skipped":0,"pct":100}}
,"D:\\petalpath\\PETALPATH_app_v2.0\\backend\\src\\config\\env.ts": {"lines":{"total":10,"covered":6,"skipped":0,"pct":60},"functions":{"total":1,"covered":0,"skipped":0,"pct":0},"statements":{"total":10,"covered":6,"skipped":0,"pct":60},"branches":{"total":10,"covered":5,"skipped":0,"pct":50}}
,"D:\\petalpath\\PETALPATH_app_v2.0\\backend\\src\\middleware\\assert-child-ownership.middleware.ts": {"lines":{"total":18,"covered":11,"skipped":0,"pct":61.11},"functions":{"total":1,"covered":1,"skipped":0,"pct":100},"statements":{"total":18,"covered":11,"skipped":0,"pct":61.11},"branches":{"total":12,"covered":6,"skipped":0,"pct":50}}
,"D:\\petalpath\\PETALPATH_app_v2.0\\backend\\src\\middleware\\auth.middleware.ts": {"lines":{"total":17,"covered":15,"skipped":0,"pct":88.23},"functions":{"total":1,"covered":1,"skipped":0,"pct":100},"statements":{"total":17,"covered":15,"skipped":0,"pct":88.23},"branches":{"total":10,"covered":8,"skipped":0,"pct":80}}
,"D:\\petalpath\\PETALPATH_app_v2.0\\backend\\src\\middleware\\error.middleware.ts": {"lines":{"total":7,"covered":7,"skipped":0,"pct":100},"functions":{"total":1,"covered":1,"skipped":0,"pct":100},"statements":{"total":7,"covered":7,"skipped":0,"pct":100},"branches":{"total":6,"covered":6,"skipped":0,"pct":100}}
,"D:\\petalpath\\PETALPATH_app_v2.0\\backend\\src\\middleware\\logger.middleware.ts": {"lines":{"total":9,"covered":8,"skipped":0,"pct":88.88},"functions":{"total":3,"covered":3,"skipped":0,"pct":100},"statements":{"total":9,"covered":8,"skipped":0,"pct":88.88},"branches":{"total":6,"covered":2,"skipped":0,"pct":33.33}}
,"D:\\petalpath\\PETALPATH_app_v2.0\\backend\\src\\modules\\activities\\activities.controller.ts": {"lines":{"total":34,"covered":1,"skipped":0,"pct":2.94},"functions":{"total":5,"covered":0,"skipped":0,"pct":0},"statements":{"total":34,"covered":1,"skipped":0,"pct":2.94},"branches":{"total":6,"covered":0,"skipped":0,"pct":0}}
,"D:\\petalpath\\PETALPATH_app_v2.0\\backend\\src\\modules\\activities\\activities.repository.ts": {"lines":{"total":7,"covered":1,"skipped":0,"pct":14.28},"functions":{"total":6,"covered":0,"skipped":0,"pct":0},"statements":{"total":7,"covered":1,"skipped":0,"pct":14.28},"branches":{"total":0,"covered":0,"skipped":0,"pct":100}}
,"D:\\petalpath\\PETALPATH_app_v2.0\\backend\\src\\modules\\activities\\activities.routes.ts": {"lines":{"total":6,"covered":6,"skipped":0,"pct":100},"functions":{"total":0,"covered":0,"skipped":0,"pct":100},"statements":{"total":6,"covered":6,"skipped":0,"pct":100},"branches":{"total":0,"covered":0,"skipped":0,"pct":100}}
,"D:\\petalpath\\PETALPATH_app_v2.0\\backend\\src\\modules\\activities\\activities.service.ts": {"lines":{"total":8,"covered":1,"skipped":0,"pct":12.5},"functions":{"total":5,"covered":0,"skipped":0,"pct":0},"statements":{"total":8,"covered":1,"skipped":0,"pct":12.5},"branches":{"total":2,"covered":0,"skipped":0,"pct":0}}
,"D:\\petalpath\\PETALPATH_app_v2.0\\backend\\src\\modules\\activities\\activities.validator.ts": {"lines":{"total":2,"covered":2,"skipped":0,"pct":100},"functions":{"total":0,"covered":0,"skipped":0,"pct":100},"statements":{"total":2,"covered":2,"skipped":0,"pct":100},"branches":{"total":0,"covered":0,"skipped":0,"pct":100}}
,"D:\\petalpath\\PETALPATH_app_v2.0\\backend\\src\\modules\\adaptive\\adaptive-learning-engine.service.ts": {"lines":{"total":114,"covered":70,"skipped":0,"pct":61.4},"functions":{"total":13,"covered":12,"skipped":0,"pct":92.3},"statements":{"total":114,"covered":70,"skipped":0,"pct":61.4},"branches":{"total":81,"covered":35,"skipped":0,"pct":43.2}}
,"D:\\petalpath\\PETALPATH_app_v2.0\\backend\\src\\modules\\adaptive\\adaptive.controller.ts": {"lines":{"total":46,"covered":24,"skipped":0,"pct":52.17},"functions":{"total":5,"covered":3,"skipped":0,"pct":60},"statements":{"total":46,"covered":24,"skipped":0,"pct":52.17},"branches":{"total":14,"covered":4,"skipped":0,"pct":28.57}}
,"D:\\petalpath\\PETALPATH_app_v2.0\\backend\\src\\modules\\adaptive\\adaptive.routes.ts": {"lines":{"total":7,"covered":7,"skipped":0,"pct":100},"functions":{"total":0,"covered":0,"skipped":0,"pct":100},"statements":{"total":7,"covered":7,"skipped":0,"pct":100},"branches":{"total":0,"covered":0,"skipped":0,"pct":100}}
,"D:\\petalpath\\PETALPATH_app_v2.0\\backend\\src\\modules\\adaptive-intelligence\\index.ts": {"lines":{"total":21,"covered":1,"skipped":0,"pct":4.76},"functions":{"total":9,"covered":0,"skipped":0,"pct":0},"statements":{"total":24,"covered":1,"skipped":0,"pct":4.16},"branches":{"total":6,"covered":0,"skipped":0,"pct":0}}
,"D:\\petalpath\\PETALPATH_app_v2.0\\backend\\src\\modules\\adaptive-intelligence\\application\\services\\adaptive-decision-builder.service.ts": {"lines":{"total":55,"covered":0,"skipped":0,"pct":0},"functions":{"total":18,"covered":0,"skipped":0,"pct":0},"statements":{"total":63,"covered":0,"skipped":0,"pct":0},"branches":{"total":26,"covered":0,"skipped":0,"pct":0}}
,"D:\\petalpath\\PETALPATH_app_v2.0\\backend\\src\\modules\\adaptive-intelligence\\application\\services\\adaptive-intelligence-engine.service.ts": {"lines":{"total":52,"covered":2,"skipped":0,"pct":3.84},"functions":{"total":5,"covered":0,"skipped":0,"pct":0},"statements":{"total":53,"covered":2,"skipped":0,"pct":3.77},"branches":{"total":22,"covered":0,"skipped":0,"pct":0}}
,"D:\\petalpath\\PETALPATH_app_v2.0\\backend\\src\\modules\\adaptive-intelligence\\application\\services\\confidence-decision.service.ts": {"lines":{"total":14,"covered":0,"skipped":0,"pct":0},"functions":{"total":1,"covered":0,"skipped":0,"pct":0},"statements":{"total":14,"covered":0,"skipped":0,"pct":0},"branches":{"total":2,"covered":0,"skipped":0,"pct":0}}
,"D:\\petalpath\\PETALPATH_app_v2.0\\backend\\src\\modules\\adaptive-intelligence\\application\\services\\debt-decision.service.ts": {"lines":{"total":24,"covered":0,"skipped":0,"pct":0},"functions":{"total":6,"covered":0,"skipped":0,"pct":0},"statements":{"total":31,"covered":0,"skipped":0,"pct":0},"branches":{"total":14,"covered":0,"skipped":0,"pct":0}}
,"D:\\petalpath\\PETALPATH_app_v2.0\\backend\\src\\modules\\adaptive-intelligence\\application\\services\\decision-explanation.service.ts": {"lines":{"total":55,"covered":0,"skipped":0,"pct":0},"functions":{"total":8,"covered":0,"skipped":0,"pct":0},"statements":{"total":55,"covered":0,"skipped":0,"pct":0},"branches":{"total":37,"covered":0,"skipped":0,"pct":0}}
,"D:\\petalpath\\PETALPATH_app_v2.0\\backend\\src\\modules\\adaptive-intelligence\\application\\services\\difficulty-decision.service.ts": {"lines":{"total":29,"covered":1,"skipped":0,"pct":3.44},"functions":{"total":2,"covered":0,"skipped":0,"pct":0},"statements":{"total":29,"covered":1,"skipped":0,"pct":3.44},"branches":{"total":22,"covered":0,"skipped":0,"pct":0}}
,"D:\\petalpath\\PETALPATH_app_v2.0\\backend\\src\\modules\\adaptive-intelligence\\application\\services\\intervention-decision.service.ts": {"lines":{"total":40,"covered":1,"skipped":0,"pct":2.5},"functions":{"total":2,"covered":0,"skipped":0,"pct":0},"statements":{"total":41,"covered":1,"skipped":0,"pct":2.43},"branches":{"total":25,"covered":0,"skipped":0,"pct":0}}
,"D:\\petalpath\\PETALPATH_app_v2.0\\backend\\src\\modules\\adaptive-intelligence\\application\\services\\reinforcement-decision.service.ts": {"lines":{"total":25,"covered":0,"skipped":0,"pct":0},"functions":{"total":3,"covered":0,"skipped":0,"pct":0},"statements":{"total":26,"covered":0,"skipped":0,"pct":0},"branches":{"total":12,"covered":0,"skipped":0,"pct":0}}
,"D:\\petalpath\\PETALPATH_app_v2.0\\backend\\src\\modules\\adaptive-intelligence\\application\\services\\review-decision.service.ts": {"lines":{"total":39,"covered":0,"skipped":0,"pct":0},"functions":{"total":5,"covered":0,"skipped":0,"pct":0},"statements":{"total":40,"covered":0,"skipped":0,"pct":0},"branches":{"total":24,"covered":0,"skipped":0,"pct":0}}
,"D:\\petalpath\\PETALPATH_app_v2.0\\backend\\src\\modules\\adaptive-intelligence\\domain\\errors.ts": {"lines":{"total":8,"covered":0,"skipped":0,"pct":0},"functions":{"total":3,"covered":0,"skipped":0,"pct":0},"statements":{"total":8,"covered":0,"skipped":0,"pct":0},"branches":{"total":3,"covered":0,"skipped":0,"pct":0}}
,"D:\\petalpath\\PETALPATH_app_v2.0\\backend\\src\\modules\\adaptive-intelligence\\domain\\entities\\adaptive-decision.entity.ts": {"lines":{"total":8,"covered":2,"skipped":0,"pct":25},"functions":{"total":8,"covered":2,"skipped":0,"pct":25},"statements":{"total":8,"covered":2,"skipped":0,"pct":25},"branches":{"total":0,"covered":0,"skipped":0,"pct":100}}
,"D:\\petalpath\\PETALPATH_app_v2.0\\backend\\src\\modules\\adaptive-intelligence\\domain\\entities\\decision-context.entity.ts": {"lines":{"total":13,"covered":1,"skipped":0,"pct":7.69},"functions":{"total":14,"covered":1,"skipped":0,"pct":7.14},"statements":{"total":14,"covered":1,"skipped":0,"pct":7.14},"branches":{"total":2,"covered":0,"skipped":0,"pct":0}}
,"D:\\petalpath\\PETALPATH_app_v2.0\\backend\\src\\modules\\adaptive-intelligence\\domain\\entities\\decision-result.entity.ts": {"lines":{"total":14,"covered":8,"skipped":0,"pct":57.14},"functions":{"total":14,"covered":8,"skipped":0,"pct":57.14},"statements":{"total":14,"covered":8,"skipped":0,"pct":57.14},"branches":{"total":0,"covered":0,"skipped":0,"pct":100}}
,"D:\\petalpath\\PETALPATH_app_v2.0\\backend\\src\\modules\\adaptive-intelligence\\domain\\entities\\decision-summary.entity.ts": {"lines":{"total":8,"covered":1,"skipped":0,"pct":12.5},"functions":{"total":8,"covered":1,"skipped":0,"pct":12.5},"statements":{"total":8,"covered":1,"skipped":0,"pct":12.5},"branches":{"total":0,"covered":0,"skipped":0,"pct":100}}
,"D:\\petalpath\\PETALPATH_app_v2.0\\backend\\src\\modules\\adaptive-intelligence\\domain\\value-objects\\adaptive-constraints.ts": {"lines":{"total":6,"covered":6,"skipped":0,"pct":100},"functions":{"total":1,"covered":1,"skipped":0,"pct":100},"statements":{"total":6,"covered":6,"skipped":0,"pct":100},"branches":{"total":12,"covered":12,"skipped":0,"pct":100}}
,"D:\\petalpath\\PETALPATH_app_v2.0\\backend\\src\\modules\\adaptive-intelligence\\domain\\value-objects\\decision-confidence.ts": {"lines":{"total":4,"covered":3,"skipped":0,"pct":75},"functions":{"total":2,"covered":1,"skipped":0,"pct":50},"statements":{"total":4,"covered":3,"skipped":0,"pct":75},"branches":{"total":0,"covered":0,"skipped":0,"pct":100}}
,"D:\\petalpath\\PETALPATH_app_v2.0\\backend\\src\\modules\\adaptive-intelligence\\domain\\value-objects\\difficulty-recommendation.ts": {"lines":{"total":10,"covered":10,"skipped":0,"pct":100},"functions":{"total":2,"covered":2,"skipped":0,"pct":100},"statements":{"total":10,"covered":10,"skipped":0,"pct":100},"branches":{"total":2,"covered":2,"skipped":0,"pct":100}}
,"D:\\petalpath\\PETALPATH_app_v2.0\\backend\\src\\modules\\adaptive-intelligence\\domain\\value-objects\\intervention-level.ts": {"lines":{"total":9,"covered":9,"skipped":0,"pct":100},"functions":{"total":2,"covered":2,"skipped":0,"pct":100},"statements":{"total":9,"covered":9,"skipped":0,"pct":100},"branches":{"total":2,"covered":2,"skipped":0,"pct":100}}
,"D:\\petalpath\\PETALPATH_app_v2.0\\backend\\src\\modules\\adaptive-intelligence\\domain\\value-objects\\priority-score.ts": {"lines":{"total":5,"covered":3,"skipped":0,"pct":60},"functions":{"total":3,"covered":1,"skipped":0,"pct":33.33},"statements":{"total":5,"covered":3,"skipped":0,"pct":60},"branches":{"total":0,"covered":0,"skipped":0,"pct":100}}
,"D:\\petalpath\\PETALPATH_app_v2.0\\backend\\src\\modules\\adaptive-intelligence\\domain\\value-objects\\review-priority.ts": {"lines":{"total":6,"covered":6,"skipped":0,"pct":100},"functions":{"total":2,"covered":2,"skipped":0,"pct":100},"statements":{"total":7,"covered":6,"skipped":0,"pct":85.71},"branches":{"total":2,"covered":1,"skipped":0,"pct":50}}
,"D:\\petalpath\\PETALPATH_app_v2.0\\backend\\src\\modules\\adaptive-intelligence\\domain\\value-objects\\spacing-adjustment.ts": {"lines":{"total":4,"covered":2,"skipped":0,"pct":50},"functions":{"total":3,"covered":1,"skipped":0,"pct":33.33},"statements":{"total":4,"covered":2,"skipped":0,"pct":50},"branches":{"total":0,"covered":0,"skipped":0,"pct":100}}
,"D:\\petalpath\\PETALPATH_app_v2.0\\backend\\src\\modules\\adaptive-learning\\index.ts": {"lines":{"total":18,"covered":18,"skipped":0,"pct":100},"functions":{"total":4,"covered":4,"skipped":0,"pct":100},"statements":{"total":18,"covered":18,"skipped":0,"pct":100},"branches":{"total":8,"covered":8,"skipped":0,"pct":100}}
,"D:\\petalpath\\PETALPATH_app_v2.0\\backend\\src\\modules\\adaptive-learning\\api\\controllers\\learning-event.controller.ts": {"lines":{"total":81,"covered":19,"skipped":0,"pct":23.45},"functions":{"total":10,"covered":3,"skipped":0,"pct":30},"statements":{"total":81,"covered":19,"skipped":0,"pct":23.45},"branches":{"total":24,"covered":5,"skipped":0,"pct":20.83}}
,"D:\\petalpath\\PETALPATH_app_v2.0\\backend\\src\\modules\\adaptive-learning\\api\\routes\\learning-event.routes.ts": {"lines":{"total":12,"covered":12,"skipped":0,"pct":100},"functions":{"total":1,"covered":1,"skipped":0,"pct":100},"statements":{"total":12,"covered":12,"skipped":0,"pct":100},"branches":{"total":0,"covered":0,"skipped":0,"pct":100}}
,"D:\\petalpath\\PETALPATH_app_v2.0\\backend\\src\\modules\\adaptive-learning\\api\\validators\\learning-event.validators.ts": {"lines":{"total":3,"covered":3,"skipped":0,"pct":100},"functions":{"total":0,"covered":0,"skipped":0,"pct":100},"statements":{"total":3,"covered":3,"skipped":0,"pct":100},"branches":{"total":0,"covered":0,"skipped":0,"pct":100}}
,"D:\\petalpath\\PETALPATH_app_v2.0\\backend\\src\\modules\\adaptive-learning\\application\\services\\learning-event.service.ts": {"lines":{"total":36,"covered":18,"skipped":0,"pct":50},"functions":{"total":9,"covered":5,"skipped":0,"pct":55.55},"statements":{"total":36,"covered":18,"skipped":0,"pct":50},"branches":{"total":39,"covered":20,"skipped":0,"pct":51.28}}
,"D:\\petalpath\\PETALPATH_app_v2.0\\backend\\src\\modules\\adaptive-learning\\application\\services\\learning-evidence.service.ts": {"lines":{"total":29,"covered":1,"skipped":0,"pct":3.44},"functions":{"total":8,"covered":1,"skipped":0,"pct":12.5},"statements":{"total":29,"covered":1,"skipped":0,"pct":3.44},"branches":{"total":28,"covered":0,"skipped":0,"pct":0}}
,"D:\\petalpath\\PETALPATH_app_v2.0\\backend\\src\\modules\\adaptive-learning\\domain\\entities\\learning-event.entity.ts": {"lines":{"total":20,"covered":20,"skipped":0,"pct":100},"functions":{"total":18,"covered":18,"skipped":0,"pct":100},"statements":{"total":20,"covered":20,"skipped":0,"pct":100},"branches":{"total":4,"covered":4,"skipped":0,"pct":100}}
,"D:\\petalpath\\PETALPATH_app_v2.0\\backend\\src\\modules\\adaptive-learning\\domain\\entities\\learning-evidence.entity.ts": {"lines":{"total":12,"covered":12,"skipped":0,"pct":100},"functions":{"total":12,"covered":12,"skipped":0,"pct":100},"statements":{"total":12,"covered":12,"skipped":0,"pct":100},"branches":{"total":0,"covered":0,"skipped":0,"pct":100}}
,"D:\\petalpath\\PETALPATH_app_v2.0\\backend\\src\\modules\\adaptive-learning\\domain\\value-objects\\event-types.ts": {"lines":{"total":67,"covered":67,"skipped":0,"pct":100},"functions":{"total":6,"covered":6,"skipped":0,"pct":100},"statements":{"total":68,"covered":68,"skipped":0,"pct":100},"branches":{"total":12,"covered":12,"skipped":0,"pct":100}}
,"D:\\petalpath\\PETALPATH_app_v2.0\\backend\\src\\modules\\adaptive-learning\\infrastructure\\repositories\\learning-event.repository.ts": {"lines":{"total":18,"covered":14,"skipped":0,"pct":77.77},"functions":{"total":10,"covered":8,"skipped":0,"pct":80},"statements":{"total":18,"covered":14,"skipped":0,"pct":77.77},"branches":{"total":8,"covered":7,"skipped":0,"pct":87.5}}
,"D:\\petalpath\\PETALPATH_app_v2.0\\backend\\src\\modules\\adaptive-learning\\infrastructure\\repositories\\learning-evidence.repository.ts": {"lines":{"total":16,"covered":10,"skipped":0,"pct":62.5},"functions":{"total":9,"covered":6,"skipped":0,"pct":66.66},"statements":{"total":16,"covered":10,"skipped":0,"pct":62.5},"branches":{"total":6,"covered":5,"skipped":0,"pct":83.33}}
,"D:\\petalpath\\PETALPATH_app_v2.0\\backend\\src\\modules\\adaptive-planning\\index.ts": {"lines":{"total":62,"covered":62,"skipped":0,"pct":100},"functions":{"total":18,"covered":18,"skipped":0,"pct":100},"statements":{"total":72,"covered":72,"skipped":0,"pct":100},"branches":{"total":36,"covered":36,"skipped":0,"pct":100}}
,"D:\\petalpath\\PETALPATH_app_v2.0\\backend\\src\\modules\\adaptive-planning\\api\\controllers\\adaptive-planning.controller.ts": {"lines":{"total":228,"covered":6,"skipped":0,"pct":2.63},"functions":{"total":28,"covered":1,"skipped":0,"pct":3.57},"statements":{"total":278,"covered":6,"skipped":0,"pct":2.15},"branches":{"total":114,"covered":0,"skipped":0,"pct":0}}
,"D:\\petalpath\\PETALPATH_app_v2.0\\backend\\src\\modules\\adaptive-planning\\api\\routes\\adaptive-planning.routes.ts": {"lines":{"total":30,"covered":30,"skipped":0,"pct":100},"functions":{"total":28,"covered":1,"skipped":0,"pct":3.57},"statements":{"total":57,"covered":30,"skipped":0,"pct":52.63},"branches":{"total":0,"covered":0,"skipped":0,"pct":100}}
,"D:\\petalpath\\PETALPATH_app_v2.0\\backend\\src\\modules\\adaptive-planning\\api\\validators\\adaptive-planning.validators.ts": {"lines":{"total":25,"covered":25,"skipped":0,"pct":100},"functions":{"total":0,"covered":0,"skipped":0,"pct":100},"statements":{"total":25,"covered":25,"skipped":0,"pct":100},"branches":{"total":0,"covered":0,"skipped":0,"pct":100}}
,"D:\\petalpath\\PETALPATH_app_v2.0\\backend\\src\\modules\\adaptive-planning\\application\\services\\dynamic-roadmap-builder.service.ts": {"lines":{"total":140,"covered":8,"skipped":0,"pct":5.71},"functions":{"total":47,"covered":1,"skipped":0,"pct":2.12},"statements":{"total":164,"covered":8,"skipped":0,"pct":4.87},"branches":{"total":75,"covered":0,"skipped":0,"pct":0}}
,"D:\\petalpath\\PETALPATH_app_v2.0\\backend\\src\\modules\\adaptive-planning\\application\\services\\learning-debt.service.ts": {"lines":{"total":42,"covered":1,"skipped":0,"pct":2.38},"functions":{"total":10,"covered":1,"skipped":0,"pct":10},"statements":{"total":45,"covered":1,"skipped":0,"pct":2.22},"branches":{"total":27,"covered":0,"skipped":0,"pct":0}}
,"D:\\petalpath\\PETALPATH_app_v2.0\\backend\\src\\modules\\adaptive-planning\\application\\services\\recommendation-engine.service.ts": {"lines":{"total":35,"covered":0,"skipped":0,"pct":0},"functions":{"total":12,"covered":0,"skipped":0,"pct":0},"statements":{"total":40,"covered":0,"skipped":0,"pct":0},"branches":{"total":29,"covered":0,"skipped":0,"pct":0}}
,"D:\\petalpath\\PETALPATH_app_v2.0\\backend\\src\\modules\\adaptive-planning\\application\\services\\recovery-mode.service.ts": {"lines":{"total":37,"covered":19,"skipped":0,"pct":51.35},"functions":{"total":10,"covered":8,"skipped":0,"pct":80},"statements":{"total":44,"covered":22,"skipped":0,"pct":50},"branches":{"total":29,"covered":10,"skipped":0,"pct":34.48}}
,"D:\\petalpath\\PETALPATH_app_v2.0\\backend\\src\\modules\\adaptive-planning\\application\\services\\reinforcement-queue.service.ts": {"lines":{"total":34,"covered":1,"skipped":0,"pct":2.94},"functions":{"total":10,"covered":1,"skipped":0,"pct":10},"statements":{"total":37,"covered":1,"skipped":0,"pct":2.7},"branches":{"total":18,"covered":0,"skipped":0,"pct":0}}
,"D:\\petalpath\\PETALPATH_app_v2.0\\backend\\src\\modules\\adaptive-planning\\application\\services\\session-builder.service.ts": {"lines":{"total":98,"covered":2,"skipped":0,"pct":2.04},"functions":{"total":24,"covered":1,"skipped":0,"pct":4.16},"statements":{"total":110,"covered":2,"skipped":0,"pct":1.81},"branches":{"total":45,"covered":0,"skipped":0,"pct":0}}
,"D:\\petalpath\\PETALPATH_app_v2.0\\backend\\src\\modules\\adaptive-planning\\domain\\entities\\dynamic-roadmap.entity.ts": {"lines":{"total":14,"covered":12,"skipped":0,"pct":85.71},"functions":{"total":12,"covered":11,"skipped":0,"pct":91.66},"statements":{"total":15,"covered":12,"skipped":0,"pct":80},"branches":{"total":4,"covered":2,"skipped":0,"pct":50}}
,"D:\\petalpath\\PETALPATH_app_v2.0\\backend\\src\\modules\\adaptive-planning\\domain\\entities\\learning-debt.entity.ts": {"lines":{"total":14,"covered":14,"skipped":0,"pct":100},"functions":{"total":13,"covered":13,"skipped":0,"pct":100},"statements":{"total":15,"covered":14,"skipped":0,"pct":93.33},"branches":{"total":6,"covered":5,"skipped":0,"pct":83.33}}
,"D:\\petalpath\\PETALPATH_app_v2.0\\backend\\src\\modules\\adaptive-planning\\domain\\entities\\practice.entity.ts": {"lines":{"total":13,"covered":13,"skipped":0,"pct":100},"functions":{"total":13,"covered":13,"skipped":0,"pct":100},"statements":{"total":13,"covered":13,"skipped":0,"pct":100},"branches":{"total":4,"covered":4,"skipped":0,"pct":100}}
,"D:\\petalpath\\PETALPATH_app_v2.0\\backend\\src\\modules\\adaptive-planning\\domain\\entities\\recovery-mode.entity.ts": {"lines":{"total":18,"covered":18,"skipped":0,"pct":100},"functions":{"total":15,"covered":15,"skipped":0,"pct":100},"statements":{"total":20,"covered":18,"skipped":0,"pct":90},"branches":{"total":6,"covered":4,"skipped":0,"pct":66.66}}
,"D:\\petalpath\\PETALPATH_app_v2.0\\backend\\src\\modules\\adaptive-planning\\domain\\entities\\reinforcement-queue.entity.ts": {"lines":{"total":23,"covered":17,"skipped":0,"pct":73.91},"functions":{"total":20,"covered":14,"skipped":0,"pct":70},"statements":{"total":23,"covered":17,"skipped":0,"pct":73.91},"branches":{"total":4,"covered":3,"skipped":0,"pct":75}}
,"D:\\petalpath\\PETALPATH_app_v2.0\\backend\\src\\modules\\adaptive-planning\\domain\\entities\\session-block.entity.ts": {"lines":{"total":26,"covered":21,"skipped":0,"pct":80.76},"functions":{"total":21,"covered":16,"skipped":0,"pct":76.19},"statements":{"total":26,"covered":21,"skipped":0,"pct":80.76},"branches":{"total":6,"covered":5,"skipped":0,"pct":83.33}}
,"D:\\petalpath\\PETALPATH_app_v2.0\\backend\\src\\modules\\adaptive-planning\\domain\\entities\\session-plan.entity.ts": {"lines":{"total":23,"covered":21,"skipped":0,"pct":91.3},"functions":{"total":18,"covered":16,"skipped":0,"pct":88.88},"statements":{"total":23,"covered":21,"skipped":0,"pct":91.3},"branches":{"total":8,"covered":8,"skipped":0,"pct":100}}
,"D:\\petalpath\\PETALPATH_app_v2.0\\backend\\src\\modules\\adaptive-planning\\domain\\value-objects\\planning-types.ts": {"lines":{"total":55,"covered":55,"skipped":0,"pct":100},"functions":{"total":8,"covered":8,"skipped":0,"pct":100},"statements":{"total":55,"covered":55,"skipped":0,"pct":100},"branches":{"total":16,"covered":16,"skipped":0,"pct":100}}
,"D:\\petalpath\\PETALPATH_app_v2.0\\backend\\src\\modules\\adaptive-planning\\infrastructure\\repositories\\dynamic-roadmap.repository.ts": {"lines":{"total":9,"covered":9,"skipped":0,"pct":100},"functions":{"total":6,"covered":6,"skipped":0,"pct":100},"statements":{"total":9,"covered":9,"skipped":0,"pct":100},"branches":{"total":10,"covered":8,"skipped":0,"pct":80}}
,"D:\\petalpath\\PETALPATH_app_v2.0\\backend\\src\\modules\\adaptive-planning\\infrastructure\\repositories\\learning-debt.repository.ts": {"lines":{"total":17,"covered":17,"skipped":0,"pct":100},"functions":{"total":10,"covered":10,"skipped":0,"pct":100},"statements":{"total":17,"covered":17,"skipped":0,"pct":100},"branches":{"total":14,"covered":13,"skipped":0,"pct":92.85}}
,"D:\\petalpath\\PETALPATH_app_v2.0\\backend\\src\\modules\\adaptive-planning\\infrastructure\\repositories\\practice.repository.ts": {"lines":{"total":21,"covered":19,"skipped":0,"pct":90.47},"functions":{"total":12,"covered":11,"skipped":0,"pct":91.66},"statements":{"total":21,"covered":19,"skipped":0,"pct":90.47},"branches":{"total":20,"covered":19,"skipped":0,"pct":95}}
,"D:\\petalpath\\PETALPATH_app_v2.0\\backend\\src\\modules\\adaptive-planning\\infrastructure\\repositories\\recovery-mode.repository.ts": {"lines":{"total":11,"covered":11,"skipped":0,"pct":100},"functions":{"total":7,"covered":7,"skipped":0,"pct":100},"statements":{"total":11,"covered":11,"skipped":0,"pct":100},"branches":{"total":10,"covered":10,"skipped":0,"pct":100}}
,"D:\\petalpath\\PETALPATH_app_v2.0\\backend\\src\\modules\\adaptive-planning\\infrastructure\\repositories\\reinforcement-queue.repository.ts": {"lines":{"total":13,"covered":13,"skipped":0,"pct":100},"functions":{"total":8,"covered":8,"skipped":0,"pct":100},"statements":{"total":13,"covered":13,"skipped":0,"pct":100},"branches":{"total":10,"covered":10,"skipped":0,"pct":100}}
,"D:\\petalpath\\PETALPATH_app_v2.0\\backend\\src\\modules\\adaptive-planning\\infrastructure\\repositories\\session-block.repository.ts": {"lines":{"total":13,"covered":13,"skipped":0,"pct":100},"functions":{"total":8,"covered":8,"skipped":0,"pct":100},"statements":{"total":13,"covered":13,"skipped":0,"pct":100},"branches":{"total":10,"covered":6,"skipped":0,"pct":60}}
,"D:\\petalpath\\PETALPATH_app_v2.0\\backend\\src\\modules\\adaptive-planning\\infrastructure\\repositories\\session-plan.repository.ts": {"lines":{"total":18,"covered":18,"skipped":0,"pct":100},"functions":{"total":9,"covered":9,"skipped":0,"pct":100},"statements":{"total":18,"covered":18,"skipped":0,"pct":100},"branches":{"total":24,"covered":21,"skipped":0,"pct":87.5}}
,"D:\\petalpath\\PETALPATH_app_v2.0\\backend\\src\\modules\\adaptive-session-builder\\index.ts": {"lines":{"total":4,"covered":4,"skipped":0,"pct":100},"functions":{"total":1,"covered":1,"skipped":0,"pct":100},"statements":{"total":4,"covered":4,"skipped":0,"pct":100},"branches":{"total":2,"covered":2,"skipped":0,"pct":100}}
,"D:\\petalpath\\PETALPATH_app_v2.0\\backend\\src\\modules\\adaptive-session-builder\\application\\services\\adaptive-session-builder.service.ts": {"lines":{"total":23,"covered":5,"skipped":0,"pct":21.73},"functions":{"total":4,"covered":1,"skipped":0,"pct":25},"statements":{"total":24,"covered":5,"skipped":0,"pct":20.83},"branches":{"total":8,"covered":0,"skipped":0,"pct":0}}
,"D:\\petalpath\\PETALPATH_app_v2.0\\backend\\src\\modules\\adaptive\\repositories\\adaptation-event.repository.ts": {"lines":{"total":5,"covered":3,"skipped":0,"pct":60},"functions":{"total":4,"covered":2,"skipped":0,"pct":50},"statements":{"total":5,"covered":3,"skipped":0,"pct":60},"branches":{"total":2,"covered":0,"skipped":0,"pct":0}}
,"D:\\petalpath\\PETALPATH_app_v2.0\\backend\\src\\modules\\adaptive\\repositories\\learning-event.repository.ts": {"lines":{"total":4,"covered":2,"skipped":0,"pct":50},"functions":{"total":3,"covered":1,"skipped":0,"pct":33.33},"statements":{"total":4,"covered":2,"skipped":0,"pct":50},"branches":{"total":2,"covered":0,"skipped":0,"pct":0}}
,"D:\\petalpath\\PETALPATH_app_v2.0\\backend\\src\\modules\\adaptive\\repositories\\learning-profile.repository.ts": {"lines":{"total":3,"covered":3,"skipped":0,"pct":100},"functions":{"total":2,"covered":2,"skipped":0,"pct":100},"statements":{"total":3,"covered":3,"skipped":0,"pct":100},"branches":{"total":0,"covered":0,"skipped":0,"pct":100}}
,"D:\\petalpath\\PETALPATH_app_v2.0\\backend\\src\\modules\\adaptive\\repositories\\modality-performance.repository.ts": {"lines":{"total":4,"covered":4,"skipped":0,"pct":100},"functions":{"total":3,"covered":3,"skipped":0,"pct":100},"statements":{"total":4,"covered":4,"skipped":0,"pct":100},"branches":{"total":0,"covered":0,"skipped":0,"pct":100}}
,"D:\\petalpath\\PETALPATH_app_v2.0\\backend\\src\\modules\\adaptive\\repositories\\regression-log.repository.ts": {"lines":{"total":2,"covered":1,"skipped":0,"pct":50},"functions":{"total":1,"covered":0,"skipped":0,"pct":0},"statements":{"total":2,"covered":1,"skipped":0,"pct":50},"branches":{"total":0,"covered":0,"skipped":0,"pct":100}}
,"D:\\petalpath\\PETALPATH_app_v2.0\\backend\\src\\modules\\analytics\\analytics.controller.ts": {"lines":{"total":51,"covered":19,"skipped":0,"pct":37.25},"functions":{"total":6,"covered":3,"skipped":0,"pct":50},"statements":{"total":51,"covered":19,"skipped":0,"pct":37.25},"branches":{"total":18,"covered":7,"skipped":0,"pct":38.88}}
,"D:\\petalpath\\PETALPATH_app_v2.0\\backend\\src\\modules\\analytics\\analytics.routes.ts": {"lines":{"total":8,"covered":8,"skipped":0,"pct":100},"functions":{"total":0,"covered":0,"skipped":0,"pct":100},"statements":{"total":8,"covered":8,"skipped":0,"pct":100},"branches":{"total":0,"covered":0,"skipped":0,"pct":100}}
,"D:\\petalpath\\PETALPATH_app_v2.0\\backend\\src\\modules\\analytics\\analytics.service.ts": {"lines":{"total":143,"covered":56,"skipped":0,"pct":39.16},"functions":{"total":25,"covered":11,"skipped":0,"pct":44},"statements":{"total":164,"covered":63,"skipped":0,"pct":38.41},"branches":{"total":60,"covered":19,"skipped":0,"pct":31.66}}
,"D:\\petalpath\\PETALPATH_app_v2.0\\backend\\src\\modules\\analytics\\repositories\\analytics-history.repository.ts": {"lines":{"total":9,"covered":9,"skipped":0,"pct":100},"functions":{"total":5,"covered":5,"skipped":0,"pct":100},"statements":{"total":9,"covered":9,"skipped":0,"pct":100},"branches":{"total":3,"covered":3,"skipped":0,"pct":100}}
,"D:\\petalpath\\PETALPATH_app_v2.0\\backend\\src\\modules\\analytics\\repositories\\analytics-snapshot.repository.ts": {"lines":{"total":3,"covered":3,"skipped":0,"pct":100},"functions":{"total":2,"covered":2,"skipped":0,"pct":100},"statements":{"total":3,"covered":3,"skipped":0,"pct":100},"branches":{"total":0,"covered":0,"skipped":0,"pct":100}}
,"D:\\petalpath\\PETALPATH_app_v2.0\\backend\\src\\modules\\analytics\\repositories\\subject-analytics.repository.ts": {"lines":{"total":4,"covered":4,"skipped":0,"pct":100},"functions":{"total":3,"covered":3,"skipped":0,"pct":100},"statements":{"total":4,"covered":4,"skipped":0,"pct":100},"branches":{"total":0,"covered":0,"skipped":0,"pct":100}}
,"D:\\petalpath\\PETALPATH_app_v2.0\\backend\\src\\modules\\analytics\\repositories\\trend-event.repository.ts": {"lines":{"total":6,"covered":6,"skipped":0,"pct":100},"functions":{"total":5,"covered":5,"skipped":0,"pct":100},"statements":{"total":6,"covered":6,"skipped":0,"pct":100},"branches":{"total":5,"covered":5,"skipped":0,"pct":100}}
,"D:\\petalpath\\PETALPATH_app_v2.0\\backend\\src\\modules\\audio\\audio.controller.ts": {"lines":{"total":17,"covered":2,"skipped":0,"pct":11.76},"functions":{"total":3,"covered":0,"skipped":0,"pct":0},"statements":{"total":18,"covered":2,"skipped":0,"pct":11.11},"branches":{"total":4,"covered":0,"skipped":0,"pct":0}}
,"D:\\petalpath\\PETALPATH_app_v2.0\\backend\\src\\modules\\audio\\audio.repository.ts": {"lines":{"total":7,"covered":1,"skipped":0,"pct":14.28},"functions":{"total":6,"covered":0,"skipped":0,"pct":0},"statements":{"total":7,"covered":1,"skipped":0,"pct":14.28},"branches":{"total":0,"covered":0,"skipped":0,"pct":100}}
,"D:\\petalpath\\PETALPATH_app_v2.0\\backend\\src\\modules\\audio\\audio.routes.ts": {"lines":{"total":4,"covered":4,"skipped":0,"pct":100},"functions":{"total":0,"covered":0,"skipped":0,"pct":100},"statements":{"total":4,"covered":4,"skipped":0,"pct":100},"branches":{"total":0,"covered":0,"skipped":0,"pct":100}}
,"D:\\petalpath\\PETALPATH_app_v2.0\\backend\\src\\modules\\audio\\audio.service.ts": {"lines":{"total":9,"covered":1,"skipped":0,"pct":11.11},"functions":{"total":5,"covered":0,"skipped":0,"pct":0},"statements":{"total":9,"covered":1,"skipped":0,"pct":11.11},"branches":{"total":4,"covered":0,"skipped":0,"pct":0}}
,"D:\\petalpath\\PETALPATH_app_v2.0\\backend\\src\\modules\\categories\\categories.controller.ts": {"lines":{"total":33,"covered":1,"skipped":0,"pct":3.03},"functions":{"total":5,"covered":0,"skipped":0,"pct":0},"statements":{"total":33,"covered":1,"skipped":0,"pct":3.03},"branches":{"total":6,"covered":0,"skipped":0,"pct":0}}
,"D:\\petalpath\\PETALPATH_app_v2.0\\backend\\src\\modules\\categories\\categories.repository.ts": {"lines":{"total":6,"covered":1,"skipped":0,"pct":16.66},"functions":{"total":5,"covered":0,"skipped":0,"pct":0},"statements":{"total":6,"covered":1,"skipped":0,"pct":16.66},"branches":{"total":0,"covered":0,"skipped":0,"pct":100}}
,"D:\\petalpath\\PETALPATH_app_v2.0\\backend\\src\\modules\\categories\\categories.routes.ts": {"lines":{"total":6,"covered":6,"skipped":0,"pct":100},"functions":{"total":0,"covered":0,"skipped":0,"pct":100},"statements":{"total":6,"covered":6,"skipped":0,"pct":100},"branches":{"total":0,"covered":0,"skipped":0,"pct":100}}
,"D:\\petalpath\\PETALPATH_app_v2.0\\backend\\src\\modules\\categories\\categories.service.ts": {"lines":{"total":6,"covered":1,"skipped":0,"pct":16.66},"functions":{"total":5,"covered":0,"skipped":0,"pct":0},"statements":{"total":6,"covered":1,"skipped":0,"pct":16.66},"branches":{"total":0,"covered":0,"skipped":0,"pct":100}}
,"D:\\petalpath\\PETALPATH_app_v2.0\\backend\\src\\modules\\categories\\categories.validator.ts": {"lines":{"total":2,"covered":2,"skipped":0,"pct":100},"functions":{"total":0,"covered":0,"skipped":0,"pct":100},"statements":{"total":2,"covered":2,"skipped":0,"pct":100},"branches":{"total":0,"covered":0,"skipped":0,"pct":100}}
,"D:\\petalpath\\PETALPATH_app_v2.0\\backend\\src\\modules\\children\\children.controller.ts": {"lines":{"total":48,"covered":26,"skipped":0,"pct":54.16},"functions":{"total":6,"covered":4,"skipped":0,"pct":66.66},"statements":{"total":49,"covered":26,"skipped":0,"pct":53.06},"branches":{"total":12,"covered":4,"skipped":0,"pct":33.33}}
,"D:\\petalpath\\PETALPATH_app_v2.0\\backend\\src\\modules\\children\\children.repository.ts": {"lines":{"total":6,"covered":6,"skipped":0,"pct":100},"functions":{"total":5,"covered":5,"skipped":0,"pct":100},"statements":{"total":6,"covered":6,"skipped":0,"pct":100},"branches":{"total":0,"covered":0,"skipped":0,"pct":100}}
,"D:\\petalpath\\PETALPATH_app_v2.0\\backend\\src\\modules\\children\\children.routes.ts": {"lines":{"total":7,"covered":7,"skipped":0,"pct":100},"functions":{"total":0,"covered":0,"skipped":0,"pct":100},"statements":{"total":7,"covered":7,"skipped":0,"pct":100},"branches":{"total":0,"covered":0,"skipped":0,"pct":100}}
,"D:\\petalpath\\PETALPATH_app_v2.0\\backend\\src\\modules\\children\\children.service.ts": {"lines":{"total":26,"covered":13,"skipped":0,"pct":50},"functions":{"total":6,"covered":4,"skipped":0,"pct":66.66},"statements":{"total":31,"covered":13,"skipped":0,"pct":41.93},"branches":{"total":22,"covered":8,"skipped":0,"pct":36.36}}
,"D:\\petalpath\\PETALPATH_app_v2.0\\backend\\src\\modules\\children\\children.validator.ts": {"lines":{"total":2,"covered":2,"skipped":0,"pct":100},"functions":{"total":0,"covered":0,"skipped":0,"pct":100},"statements":{"total":2,"covered":2,"skipped":0,"pct":100},"branches":{"total":0,"covered":0,"skipped":0,"pct":100}}
,"D:\\petalpath\\PETALPATH_app_v2.0\\backend\\src\\modules\\curriculum\\curriculum-engine.service.ts": {"lines":{"total":120,"covered":62,"skipped":0,"pct":51.66},"functions":{"total":17,"covered":11,"skipped":0,"pct":64.7},"statements":{"total":126,"covered":63,"skipped":0,"pct":50},"branches":{"total":81,"covered":22,"skipped":0,"pct":27.16}}
,"D:\\petalpath\\PETALPATH_app_v2.0\\backend\\src\\modules\\curriculum\\curriculum.controller.ts": {"lines":{"total":78,"covered":37,"skipped":0,"pct":47.43},"functions":{"total":7,"covered":4,"skipped":0,"pct":57.14},"statements":{"total":78,"covered":37,"skipped":0,"pct":47.43},"branches":{"total":42,"covered":13,"skipped":0,"pct":30.95}}
,"D:\\petalpath\\PETALPATH_app_v2.0\\backend\\src\\modules\\curriculum\\curriculum.routes.ts": {"lines":{"total":9,"covered":9,"skipped":0,"pct":100},"functions":{"total":0,"covered":0,"skipped":0,"pct":100},"statements":{"total":9,"covered":9,"skipped":0,"pct":100},"branches":{"total":0,"covered":0,"skipped":0,"pct":100}}
,"D:\\petalpath\\PETALPATH_app_v2.0\\backend\\src\\modules\\curriculum\\repositories\\child-skill-curriculum.repository.ts": {"lines":{"total":5,"covered":3,"skipped":0,"pct":60},"functions":{"total":4,"covered":2,"skipped":0,"pct":50},"statements":{"total":5,"covered":3,"skipped":0,"pct":60},"branches":{"total":0,"covered":0,"skipped":0,"pct":100}}
,"D:\\petalpath\\PETALPATH_app_v2.0\\backend\\src\\modules\\curriculum\\repositories\\skill-dependency.repository.ts": {"lines":{"total":2,"covered":2,"skipped":0,"pct":100},"functions":{"total":1,"covered":1,"skipped":0,"pct":100},"statements":{"total":2,"covered":2,"skipped":0,"pct":100},"branches":{"total":0,"covered":0,"skipped":0,"pct":100}}
,"D:\\petalpath\\PETALPATH_app_v2.0\\backend\\src\\modules\\curriculum\\repositories\\skill.repository.ts": {"lines":{"total":4,"covered":4,"skipped":0,"pct":100},"functions":{"total":3,"covered":3,"skipped":0,"pct":100},"statements":{"total":4,"covered":4,"skipped":0,"pct":100},"branches":{"total":1,"covered":0,"skipped":0,"pct":0}}
,"D:\\petalpath\\PETALPATH_app_v2.0\\backend\\src\\modules\\curriculum\\repositories\\subject.repository.ts": {"lines":{"total":4,"covered":4,"skipped":0,"pct":100},"functions":{"total":3,"covered":3,"skipped":0,"pct":100},"statements":{"total":4,"covered":4,"skipped":0,"pct":100},"branches":{"total":0,"covered":0,"skipped":0,"pct":100}}
,"D:\\petalpath\\PETALPATH_app_v2.0\\backend\\src\\modules\\evidence-processing\\index.ts": {"lines":{"total":22,"covered":22,"skipped":0,"pct":100},"functions":{"total":6,"covered":6,"skipped":0,"pct":100},"statements":{"total":24,"covered":24,"skipped":0,"pct":100},"branches":{"total":12,"covered":12,"skipped":0,"pct":100}}
,"D:\\petalpath\\PETALPATH_app_v2.0\\backend\\src\\modules\\evidence-processing\\application\\services\\evidence-aggregation.service.ts": {"lines":{"total":19,"covered":19,"skipped":0,"pct":100},"functions":{"total":4,"covered":4,"skipped":0,"pct":100},"statements":{"total":23,"covered":23,"skipped":0,"pct":100},"branches":{"total":27,"covered":27,"skipped":0,"pct":100}}
,"D:\\petalpath\\PETALPATH_app_v2.0\\backend\\src\\modules\\evidence-processing\\application\\services\\evidence-processing-pipeline.service.ts": {"lines":{"total":19,"covered":19,"skipped":0,"pct":100},"functions":{"total":3,"covered":3,"skipped":0,"pct":100},"statements":{"total":19,"covered":19,"skipped":0,"pct":100},"branches":{"total":2,"covered":1,"skipped":0,"pct":50}}
,"D:\\petalpath\\PETALPATH_app_v2.0\\backend\\src\\modules\\evidence-processing\\application\\services\\evidence-validation.service.ts": {"lines":{"total":12,"covered":12,"skipped":0,"pct":100},"functions":{"total":1,"covered":1,"skipped":0,"pct":100},"statements":{"total":12,"covered":12,"skipped":0,"pct":100},"branches":{"total":14,"covered":14,"skipped":0,"pct":100}}
,"D:\\petalpath\\PETALPATH_app_v2.0\\backend\\src\\modules\\evidence-processing\\application\\services\\learning-debt-processor.service.ts": {"lines":{"total":31,"covered":5,"skipped":0,"pct":16.12},"functions":{"total":6,"covered":1,"skipped":0,"pct":16.66},"statements":{"total":35,"covered":5,"skipped":0,"pct":14.28},"branches":{"total":27,"covered":0,"skipped":0,"pct":0}}
,"D:\\petalpath\\PETALPATH_app_v2.0\\backend\\src\\modules\\evidence-processing\\application\\services\\learning-state-processor.service.ts": {"lines":{"total":6,"covered":1,"skipped":0,"pct":16.66},"functions":{"total":2,"covered":1,"skipped":0,"pct":50},"statements":{"total":6,"covered":1,"skipped":0,"pct":16.66},"branches":{"total":2,"covered":0,"skipped":0,"pct":0}}
,"D:\\petalpath\\PETALPATH_app_v2.0\\backend\\src\\modules\\evidence-processing\\application\\services\\processing-result-builder.service.ts": {"lines":{"total":30,"covered":28,"skipped":0,"pct":93.33},"functions":{"total":13,"covered":12,"skipped":0,"pct":92.3},"statements":{"total":31,"covered":29,"skipped":0,"pct":93.54},"branches":{"total":10,"covered":10,"skipped":0,"pct":100}}
,"D:\\petalpath\\PETALPATH_app_v2.0\\backend\\src\\modules\\evidence-processing\\application\\services\\reinforcement-processor.service.ts": {"lines":{"total":23,"covered":2,"skipped":0,"pct":8.69},"functions":{"total":4,"covered":1,"skipped":0,"pct":25},"statements":{"total":28,"covered":2,"skipped":0,"pct":7.14},"branches":{"total":22,"covered":0,"skipped":0,"pct":0}}
,"D:\\petalpath\\PETALPATH_app_v2.0\\backend\\src\\modules\\evidence-processing\\domain\\errors.ts": {"lines":{"total":10,"covered":8,"skipped":0,"pct":80},"functions":{"total":4,"covered":3,"skipped":0,"pct":75},"statements":{"total":10,"covered":8,"skipped":0,"pct":80},"branches":{"total":3,"covered":0,"skipped":0,"pct":0}}
,"D:\\petalpath\\PETALPATH_app_v2.0\\backend\\src\\modules\\evidence-processing\\domain\\entities\\evidence-record.entity.ts": {"lines":{"total":11,"covered":11,"skipped":0,"pct":100},"functions":{"total":11,"covered":11,"skipped":0,"pct":100},"statements":{"total":11,"covered":11,"skipped":0,"pct":100},"branches":{"total":2,"covered":2,"skipped":0,"pct":100}}
,"D:\\petalpath\\PETALPATH_app_v2.0\\backend\\src\\modules\\evidence-processing\\domain\\entities\\evidence-summary.entity.ts": {"lines":{"total":10,"covered":9,"skipped":0,"pct":90},"functions":{"total":2,"covered":1,"skipped":0,"pct":50},"statements":{"total":10,"covered":9,"skipped":0,"pct":90},"branches":{"total":0,"covered":0,"skipped":0,"pct":100}}
,"D:\\petalpath\\PETALPATH_app_v2.0\\backend\\src\\modules\\evidence-processing\\domain\\entities\\processing-result.entity.ts": {"lines":{"total":12,"covered":8,"skipped":0,"pct":66.66},"functions":{"total":12,"covered":8,"skipped":0,"pct":66.66},"statements":{"total":12,"covered":8,"skipped":0,"pct":66.66},"branches":{"total":4,"covered":4,"skipped":0,"pct":100}}
,"D:\\petalpath\\PETALPATH_app_v2.0\\backend\\src\\modules\\evidence-processing\\domain\\value-objects\\evidence-score.ts": {"lines":{"total":5,"covered":5,"skipped":0,"pct":100},"functions":{"total":3,"covered":3,"skipped":0,"pct":100},"statements":{"total":5,"covered":5,"skipped":0,"pct":100},"branches":{"total":1,"covered":1,"skipped":0,"pct":100}}
,"D:\\petalpath\\PETALPATH_app_v2.0\\backend\\src\\modules\\evidence-processing\\domain\\value-objects\\evidence-type.ts": {"lines":{"total":9,"covered":9,"skipped":0,"pct":100},"functions":{"total":1,"covered":1,"skipped":0,"pct":100},"statements":{"total":9,"covered":9,"skipped":0,"pct":100},"branches":{"total":2,"covered":2,"skipped":0,"pct":100}}
,"D:\\petalpath\\PETALPATH_app_v2.0\\backend\\src\\modules\\evidence-processing\\domain\\value-objects\\performance-snapshot.ts": {"lines":{"total":8,"covered":6,"skipped":0,"pct":75},"functions":{"total":3,"covered":1,"skipped":0,"pct":33.33},"statements":{"total":8,"covered":6,"skipped":0,"pct":75},"branches":{"total":0,"covered":0,"skipped":0,"pct":100}}
,"D:\\petalpath\\PETALPATH_app_v2.0\\backend\\src\\modules\\evidence-processing\\domain\\value-objects\\processing-error.ts": {"lines":{"total":3,"covered":3,"skipped":0,"pct":100},"functions":{"total":1,"covered":1,"skipped":0,"pct":100},"statements":{"total":3,"covered":3,"skipped":0,"pct":100},"branches":{"total":1,"covered":1,"skipped":0,"pct":100}}
,"D:\\petalpath\\PETALPATH_app_v2.0\\backend\\src\\modules\\evidence-processing\\domain\\value-objects\\processing-status.ts": {"lines":{"total":7,"covered":7,"skipped":0,"pct":100},"functions":{"total":1,"covered":1,"skipped":0,"pct":100},"statements":{"total":7,"covered":7,"skipped":0,"pct":100},"branches":{"total":2,"covered":2,"skipped":0,"pct":100}}
,"D:\\petalpath\\PETALPATH_app_v2.0\\backend\\src\\modules\\execution-planner\\index.ts": {"lines":{"total":10,"covered":5,"skipped":0,"pct":50},"functions":{"total":5,"covered":2,"skipped":0,"pct":40},"statements":{"total":10,"covered":5,"skipped":0,"pct":50},"branches":{"total":2,"covered":2,"skipped":0,"pct":100}}
,"D:\\petalpath\\PETALPATH_app_v2.0\\backend\\src\\modules\\execution-planner\\application\\services\\conflict-resolution.service.ts": {"lines":{"total":26,"covered":25,"skipped":0,"pct":96.15},"functions":{"total":6,"covered":6,"skipped":0,"pct":100},"statements":{"total":29,"covered":28,"skipped":0,"pct":96.55},"branches":{"total":12,"covered":11,"skipped":0,"pct":91.66}}
,"D:\\petalpath\\PETALPATH_app_v2.0\\backend\\src\\modules\\execution-planner\\application\\services\\execution-explanation.service.ts": {"lines":{"total":18,"covered":14,"skipped":0,"pct":77.77},"functions":{"total":3,"covered":3,"skipped":0,"pct":100},"statements":{"total":20,"covered":16,"skipped":0,"pct":80},"branches":{"total":12,"covered":6,"skipped":0,"pct":50}}
,"D:\\petalpath\\PETALPATH_app_v2.0\\backend\\src\\modules\\execution-planner\\application\\services\\execution-ordering.service.ts": {"lines":{"total":23,"covered":20,"skipped":0,"pct":86.95},"functions":{"total":3,"covered":3,"skipped":0,"pct":100},"statements":{"total":25,"covered":22,"skipped":0,"pct":88},"branches":{"total":12,"covered":9,"skipped":0,"pct":75}}
,"D:\\petalpath\\PETALPATH_app_v2.0\\backend\\src\\modules\\execution-planner\\application\\services\\execution-plan-builder.service.ts": {"lines":{"total":36,"covered":34,"skipped":0,"pct":94.44},"functions":{"total":15,"covered":14,"skipped":0,"pct":93.33},"statements":{"total":38,"covered":36,"skipped":0,"pct":94.73},"branches":{"total":6,"covered":6,"skipped":0,"pct":100}}
,"D:\\petalpath\\PETALPATH_app_v2.0\\backend\\src\\modules\\execution-planner\\application\\services\\execution-selection.service.ts": {"lines":{"total":24,"covered":24,"skipped":0,"pct":100},"functions":{"total":3,"covered":3,"skipped":0,"pct":100},"statements":{"total":28,"covered":28,"skipped":0,"pct":100},"branches":{"total":18,"covered":15,"skipped":0,"pct":83.33}}
,"D:\\petalpath\\PETALPATH_app_v2.0\\backend\\src\\modules\\execution-planner\\application\\services\\session-balancing.service.ts": {"lines":{"total":22,"covered":22,"skipped":0,"pct":100},"functions":{"total":4,"covered":4,"skipped":0,"pct":100},"statements":{"total":24,"covered":24,"skipped":0,"pct":100},"branches":{"total":8,"covered":7,"skipped":0,"pct":87.5}}
,"D:\\petalpath\\PETALPATH_app_v2.0\\backend\\src\\modules\\execution-planner\\application\\services\\session-execution-planner.service.ts": {"lines":{"total":36,"covered":7,"skipped":0,"pct":19.44},"functions":{"total":10,"covered":1,"skipped":0,"pct":10},"statements":{"total":36,"covered":7,"skipped":0,"pct":19.44},"branches":{"total":4,"covered":0,"skipped":0,"pct":0}}
,"D:\\petalpath\\PETALPATH_app_v2.0\\backend\\src\\modules\\execution-planner\\application\\services\\time-allocation.service.ts": {"lines":{"total":25,"covered":25,"skipped":0,"pct":100},"functions":{"total":3,"covered":3,"skipped":0,"pct":100},"statements":{"total":28,"covered":26,"skipped":0,"pct":92.85},"branches":{"total":10,"covered":7,"skipped":0,"pct":70}}
,"D:\\petalpath\\PETALPATH_app_v2.0\\backend\\src\\modules\\execution-planner\\domain\\errors.ts": {"lines":{"total":8,"covered":8,"skipped":0,"pct":100},"functions":{"total":3,"covered":3,"skipped":0,"pct":100},"statements":{"total":8,"covered":8,"skipped":0,"pct":100},"branches":{"total":3,"covered":0,"skipped":0,"pct":0}}
,"D:\\petalpath\\PETALPATH_app_v2.0\\backend\\src\\modules\\execution-planner\\domain\\entities\\execution-context.entity.ts": {"lines":{"total":7,"covered":7,"skipped":0,"pct":100},"functions":{"total":7,"covered":7,"skipped":0,"pct":100},"statements":{"total":7,"covered":7,"skipped":0,"pct":100},"branches":{"total":0,"covered":0,"skipped":0,"pct":100}}
,"D:\\petalpath\\PETALPATH_app_v2.0\\backend\\src\\modules\\execution-planner\\domain\\entities\\execution-item.entity.ts": {"lines":{"total":7,"covered":7,"skipped":0,"pct":100},"functions":{"total":7,"covered":7,"skipped":0,"pct":100},"statements":{"total":7,"covered":7,"skipped":0,"pct":100},"branches":{"total":0,"covered":0,"skipped":0,"pct":100}}
,"D:\\petalpath\\PETALPATH_app_v2.0\\backend\\src\\modules\\execution-planner\\domain\\entities\\execution-plan.entity.ts": {"lines":{"total":10,"covered":10,"skipped":0,"pct":100},"functions":{"total":9,"covered":9,"skipped":0,"pct":100},"statements":{"total":10,"covered":10,"skipped":0,"pct":100},"branches":{"total":2,"covered":2,"skipped":0,"pct":100}}
,"D:\\petalpath\\PETALPATH_app_v2.0\\backend\\src\\modules\\execution-planner\\domain\\entities\\execution-summary.entity.ts": {"lines":{"total":9,"covered":5,"skipped":0,"pct":55.55},"functions":{"total":9,"covered":5,"skipped":0,"pct":55.55},"statements":{"total":9,"covered":5,"skipped":0,"pct":55.55},"branches":{"total":0,"covered":0,"skipped":0,"pct":100}}
,"D:\\petalpath\\PETALPATH_app_v2.0\\backend\\src\\modules\\execution-planner\\domain\\entities\\execution-trace.entity.ts": {"lines":{"total":5,"covered":4,"skipped":0,"pct":80},"functions":{"total":5,"covered":4,"skipped":0,"pct":80},"statements":{"total":5,"covered":4,"skipped":0,"pct":80},"branches":{"total":0,"covered":0,"skipped":0,"pct":100}}
,"D:\\petalpath\\PETALPATH_app_v2.0\\backend\\src\\modules\\execution-planner\\domain\\value-objects\\execution-confidence.ts": {"lines":{"total":2,"covered":2,"skipped":0,"pct":100},"functions":{"total":1,"covered":1,"skipped":0,"pct":100},"statements":{"total":2,"covered":2,"skipped":0,"pct":100},"branches":{"total":1,"covered":1,"skipped":0,"pct":100}}
,"D:\\petalpath\\PETALPATH_app_v2.0\\backend\\src\\modules\\execution-planner\\domain\\value-objects\\execution-conflict.ts": {"lines":{"total":14,"covered":14,"skipped":0,"pct":100},"functions":{"total":3,"covered":3,"skipped":0,"pct":100},"statements":{"total":14,"covered":14,"skipped":0,"pct":100},"branches":{"total":4,"covered":4,"skipped":0,"pct":100}}
,"D:\\petalpath\\PETALPATH_app_v2.0\\backend\\src\\modules\\execution-planner\\domain\\value-objects\\execution-order.ts": {"lines":{"total":11,"covered":11,"skipped":0,"pct":100},"functions":{"total":3,"covered":3,"skipped":0,"pct":100},"statements":{"total":11,"covered":11,"skipped":0,"pct":100},"branches":{"total":2,"covered":2,"skipped":0,"pct":100}}
,"D:\\petalpath\\PETALPATH_app_v2.0\\backend\\src\\modules\\execution-planner\\domain\\value-objects\\execution-priority.ts": {"lines":{"total":4,"covered":4,"skipped":0,"pct":100},"functions":{"total":3,"covered":3,"skipped":0,"pct":100},"statements":{"total":4,"covered":4,"skipped":0,"pct":100},"branches":{"total":1,"covered":1,"skipped":0,"pct":100}}
,"D:\\petalpath\\PETALPATH_app_v2.0\\backend\\src\\modules\\execution-planner\\domain\\value-objects\\session-balance.ts": {"lines":{"total":11,"covered":11,"skipped":0,"pct":100},"functions":{"total":3,"covered":3,"skipped":0,"pct":100},"statements":{"total":12,"covered":12,"skipped":0,"pct":100},"branches":{"total":2,"covered":2,"skipped":0,"pct":100}}
,"D:\\petalpath\\PETALPATH_app_v2.0\\backend\\src\\modules\\execution-planner\\domain\\value-objects\\time-allocation.ts": {"lines":{"total":4,"covered":4,"skipped":0,"pct":100},"functions":{"total":1,"covered":1,"skipped":0,"pct":100},"statements":{"total":4,"covered":4,"skipped":0,"pct":100},"branches":{"total":4,"covered":4,"skipped":0,"pct":100}}
,"D:\\petalpath\\PETALPATH_app_v2.0\\backend\\src\\modules\\intelligence-core\\index.ts": {"lines":{"total":35,"covered":35,"skipped":0,"pct":100},"functions":{"total":7,"covered":7,"skipped":0,"pct":100},"statements":{"total":35,"covered":35,"skipped":0,"pct":100},"branches":{"total":12,"covered":10,"skipped":0,"pct":83.33}}
,"D:\\petalpath\\PETALPATH_app_v2.0\\backend\\src\\modules\\intelligence-core\\api\\controllers\\classification-engine.controller.ts": {"lines":{"total":22,"covered":1,"skipped":0,"pct":4.54},"functions":{"total":4,"covered":1,"skipped":0,"pct":25},"statements":{"total":22,"covered":1,"skipped":0,"pct":4.54},"branches":{"total":14,"covered":0,"skipped":0,"pct":0}}
,"D:\\petalpath\\PETALPATH_app_v2.0\\backend\\src\\modules\\intelligence-core\\api\\controllers\\evidence-processor.controller.ts": {"lines":{"total":19,"covered":1,"skipped":0,"pct":5.26},"functions":{"total":3,"covered":1,"skipped":0,"pct":33.33},"statements":{"total":19,"covered":1,"skipped":0,"pct":5.26},"branches":{"total":8,"covered":0,"skipped":0,"pct":0}}
,"D:\\petalpath\\PETALPATH_app_v2.0\\backend\\src\\modules\\intelligence-core\\api\\controllers\\observation-engine.controller.ts": {"lines":{"total":22,"covered":2,"skipped":0,"pct":9.09},"functions":{"total":3,"covered":1,"skipped":0,"pct":33.33},"statements":{"total":22,"covered":2,"skipped":0,"pct":9.09},"branches":{"total":8,"covered":0,"skipped":0,"pct":0}}
,"D:\\petalpath\\PETALPATH_app_v2.0\\backend\\src\\modules\\intelligence-core\\api\\routes\\classification-engine.routes.ts": {"lines":{"total":5,"covered":5,"skipped":0,"pct":100},"functions":{"total":1,"covered":1,"skipped":0,"pct":100},"statements":{"total":5,"covered":5,"skipped":0,"pct":100},"branches":{"total":0,"covered":0,"skipped":0,"pct":100}}
,"D:\\petalpath\\PETALPATH_app_v2.0\\backend\\src\\modules\\intelligence-core\\api\\routes\\evidence-processor.routes.ts": {"lines":{"total":5,"covered":5,"skipped":0,"pct":100},"functions":{"total":1,"covered":1,"skipped":0,"pct":100},"statements":{"total":5,"covered":5,"skipped":0,"pct":100},"branches":{"total":0,"covered":0,"skipped":0,"pct":100}}
,"D:\\petalpath\\PETALPATH_app_v2.0\\backend\\src\\modules\\intelligence-core\\api\\routes\\observation-engine.routes.ts": {"lines":{"total":5,"covered":5,"skipped":0,"pct":100},"functions":{"total":1,"covered":1,"skipped":0,"pct":100},"statements":{"total":5,"covered":5,"skipped":0,"pct":100},"branches":{"total":0,"covered":0,"skipped":0,"pct":100}}
,"D:\\petalpath\\PETALPATH_app_v2.0\\backend\\src\\modules\\intelligence-core\\api\\validators\\classification-engine.validators.ts": {"lines":{"total":2,"covered":2,"skipped":0,"pct":100},"functions":{"total":0,"covered":0,"skipped":0,"pct":100},"statements":{"total":2,"covered":2,"skipped":0,"pct":100},"branches":{"total":0,"covered":0,"skipped":0,"pct":100}}
,"D:\\petalpath\\PETALPATH_app_v2.0\\backend\\src\\modules\\intelligence-core\\api\\validators\\evidence-processor.validators.ts": {"lines":{"total":2,"covered":2,"skipped":0,"pct":100},"functions":{"total":0,"covered":0,"skipped":0,"pct":100},"statements":{"total":2,"covered":2,"skipped":0,"pct":100},"branches":{"total":0,"covered":0,"skipped":0,"pct":100}}
,"D:\\petalpath\\PETALPATH_app_v2.0\\backend\\src\\modules\\intelligence-core\\api\\validators\\observation-engine.validators.ts": {"lines":{"total":2,"covered":2,"skipped":0,"pct":100},"functions":{"total":0,"covered":0,"skipped":0,"pct":100},"statements":{"total":2,"covered":2,"skipped":0,"pct":100},"branches":{"total":0,"covered":0,"skipped":0,"pct":100}}
,"D:\\petalpath\\PETALPATH_app_v2.0\\backend\\src\\modules\\intelligence-core\\application\\services\\classification-engine.service.ts": {"lines":{"total":102,"covered":102,"skipped":0,"pct":100},"functions":{"total":16,"covered":16,"skipped":0,"pct":100},"statements":{"total":122,"covered":117,"skipped":0,"pct":95.9},"branches":{"total":76,"covered":64,"skipped":0,"pct":84.21}}
,"D:\\petalpath\\PETALPATH_app_v2.0\\backend\\src\\modules\\intelligence-core\\application\\services\\evidence-processor.service.ts": {"lines":{"total":150,"covered":148,"skipped":0,"pct":98.66},"functions":{"total":45,"covered":45,"skipped":0,"pct":100},"statements":{"total":151,"covered":149,"skipped":0,"pct":98.67},"branches":{"total":68,"covered":63,"skipped":0,"pct":92.64}}
,"D:\\petalpath\\PETALPATH_app_v2.0\\backend\\src\\modules\\intelligence-core\\application\\services\\observation-engine.service.ts": {"lines":{"total":49,"covered":48,"skipped":0,"pct":97.95},"functions":{"total":5,"covered":5,"skipped":0,"pct":100},"statements":{"total":52,"covered":50,"skipped":0,"pct":96.15},"branches":{"total":64,"covered":53,"skipped":0,"pct":82.81}}
,"D:\\petalpath\\PETALPATH_app_v2.0\\backend\\src\\modules\\intelligence-core\\domain\\entities\\knowledge-state.entity.ts": {"lines":{"total":24,"covered":20,"skipped":0,"pct":83.33},"functions":{"total":16,"covered":15,"skipped":0,"pct":93.75},"statements":{"total":24,"covered":20,"skipped":0,"pct":83.33},"branches":{"total":10,"covered":6,"skipped":0,"pct":60}}
,"D:\\petalpath\\PETALPATH_app_v2.0\\backend\\src\\modules\\intelligence-core\\domain\\entities\\metric-snapshot.entity.ts": {"lines":{"total":10,"covered":4,"skipped":0,"pct":40},"functions":{"total":10,"covered":4,"skipped":0,"pct":40},"statements":{"total":10,"covered":4,"skipped":0,"pct":40},"branches":{"total":2,"covered":2,"skipped":0,"pct":100}}
,"D:\\petalpath\\PETALPATH_app_v2.0\\backend\\src\\modules\\intelligence-core\\domain\\entities\\topic-state.entity.ts": {"lines":{"total":21,"covered":20,"skipped":0,"pct":95.23},"functions":{"total":15,"covered":15,"skipped":0,"pct":100},"statements":{"total":21,"covered":20,"skipped":0,"pct":95.23},"branches":{"total":8,"covered":7,"skipped":0,"pct":87.5}}
,"D:\\petalpath\\PETALPATH_app_v2.0\\backend\\src\\modules\\intelligence-core\\domain\\value-objects\\intelligence-types.ts": {"lines":{"total":31,"covered":31,"skipped":0,"pct":100},"functions":{"total":4,"covered":4,"skipped":0,"pct":100},"statements":{"total":31,"covered":31,"skipped":0,"pct":100},"branches":{"total":8,"covered":8,"skipped":0,"pct":100}}
,"D:\\petalpath\\PETALPATH_app_v2.0\\backend\\src\\modules\\intelligence-core\\infrastructure\\repositories\\knowledge-state.repository.ts": {"lines":{"total":10,"covered":10,"skipped":0,"pct":100},"functions":{"total":6,"covered":6,"skipped":0,"pct":100},"statements":{"total":10,"covered":10,"skipped":0,"pct":100},"branches":{"total":6,"covered":6,"skipped":0,"pct":100}}
,"D:\\petalpath\\PETALPATH_app_v2.0\\backend\\src\\modules\\intelligence-core\\infrastructure\\repositories\\topic-state.repository.ts": {"lines":{"total":12,"covered":12,"skipped":0,"pct":100},"functions":{"total":7,"covered":7,"skipped":0,"pct":100},"statements":{"total":12,"covered":12,"skipped":0,"pct":100},"branches":{"total":10,"covered":10,"skipped":0,"pct":100}}
,"D:\\petalpath\\PETALPATH_app_v2.0\\backend\\src\\modules\\learner\\learner-facade.service.ts": {"lines":{"total":12,"covered":11,"skipped":0,"pct":91.66},"functions":{"total":3,"covered":3,"skipped":0,"pct":100},"statements":{"total":12,"covered":11,"skipped":0,"pct":91.66},"branches":{"total":12,"covered":8,"skipped":0,"pct":66.66}}
,"D:\\petalpath\\PETALPATH_app_v2.0\\backend\\src\\modules\\learner\\learner-state.builder.ts": {"lines":{"total":30,"covered":25,"skipped":0,"pct":83.33},"functions":{"total":7,"covered":4,"skipped":0,"pct":57.14},"statements":{"total":30,"covered":25,"skipped":0,"pct":83.33},"branches":{"total":16,"covered":15,"skipped":0,"pct":93.75}}
,"D:\\petalpath\\PETALPATH_app_v2.0\\backend\\src\\modules\\learner\\learner.controller.ts": {"lines":{"total":15,"covered":11,"skipped":0,"pct":73.33},"functions":{"total":2,"covered":2,"skipped":0,"pct":100},"statements":{"total":15,"covered":11,"skipped":0,"pct":73.33},"branches":{"total":4,"covered":2,"skipped":0,"pct":50}}
,"D:\\petalpath\\PETALPATH_app_v2.0\\backend\\src\\modules\\learner\\learner.routes.ts": {"lines":{"total":5,"covered":5,"skipped":0,"pct":100},"functions":{"total":0,"covered":0,"skipped":0,"pct":100},"statements":{"total":5,"covered":5,"skipped":0,"pct":100},"branches":{"total":0,"covered":0,"skipped":0,"pct":100}}
,"D:\\petalpath\\PETALPATH_app_v2.0\\backend\\src\\modules\\learner\\learner.validator.ts": {"lines":{"total":1,"covered":1,"skipped":0,"pct":100},"functions":{"total":0,"covered":0,"skipped":0,"pct":100},"statements":{"total":1,"covered":1,"skipped":0,"pct":100},"branches":{"total":0,"covered":0,"skipped":0,"pct":100}}
,"D:\\petalpath\\PETALPATH_app_v2.0\\backend\\src\\modules\\learner\\repositories\\learner-state.repository.ts": {"lines":{"total":8,"covered":3,"skipped":0,"pct":37.5},"functions":{"total":6,"covered":1,"skipped":0,"pct":16.66},"statements":{"total":8,"covered":3,"skipped":0,"pct":37.5},"branches":{"total":0,"covered":0,"skipped":0,"pct":100}}
,"D:\\petalpath\\PETALPATH_app_v2.0\\backend\\src\\modules\\learning-state\\index.ts": {"lines":{"total":20,"covered":20,"skipped":0,"pct":100},"functions":{"total":5,"covered":5,"skipped":0,"pct":100},"statements":{"total":20,"covered":20,"skipped":0,"pct":100},"branches":{"total":10,"covered":10,"skipped":0,"pct":100}}
,"D:\\petalpath\\PETALPATH_app_v2.0\\backend\\src\\modules\\learning-state\\application\\services\\confidence-calculation.service.ts": {"lines":{"total":24,"covered":23,"skipped":0,"pct":95.83},"functions":{"total":6,"covered":6,"skipped":0,"pct":100},"statements":{"total":27,"covered":26,"skipped":0,"pct":96.29},"branches":{"total":17,"covered":12,"skipped":0,"pct":70.58}}
,"D:\\petalpath\\PETALPATH_app_v2.0\\backend\\src\\modules\\learning-state\\application\\services\\forgetting-curve.service.ts": {"lines":{"total":18,"covered":18,"skipped":0,"pct":100},"functions":{"total":4,"covered":4,"skipped":0,"pct":100},"statements":{"total":19,"covered":19,"skipped":0,"pct":100},"branches":{"total":12,"covered":9,"skipped":0,"pct":75}}
,"D:\\petalpath\\PETALPATH_app_v2.0\\backend\\src\\modules\\learning-state\\application\\services\\learning-state-updater.service.ts": {"lines":{"total":33,"covered":31,"skipped":0,"pct":93.93},"functions":{"total":4,"covered":4,"skipped":0,"pct":100},"statements":{"total":35,"covered":32,"skipped":0,"pct":91.42},"branches":{"total":25,"covered":13,"skipped":0,"pct":52}}
,"D:\\petalpath\\PETALPATH_app_v2.0\\backend\\src\\modules\\learning-state\\application\\services\\mastery-calculation.service.ts": {"lines":{"total":11,"covered":11,"skipped":0,"pct":100},"functions":{"total":4,"covered":4,"skipped":0,"pct":100},"statements":{"total":11,"covered":11,"skipped":0,"pct":100},"branches":{"total":4,"covered":4,"skipped":0,"pct":100}}
,"D:\\petalpath\\PETALPATH_app_v2.0\\backend\\src\\modules\\learning-state\\domain\\entities\\learning-state.entity.ts": {"lines":{"total":75,"covered":60,"skipped":0,"pct":80},"functions":{"total":35,"covered":31,"skipped":0,"pct":88.57},"statements":{"total":78,"covered":63,"skipped":0,"pct":80.76},"branches":{"total":38,"covered":27,"skipped":0,"pct":71.05}}
,"D:\\petalpath\\PETALPATH_app_v2.0\\backend\\src\\modules\\learning-state\\domain\\value-objects\\calculation-config.ts": {"lines":{"total":24,"covered":24,"skipped":0,"pct":100},"functions":{"total":3,"covered":3,"skipped":0,"pct":100},"statements":{"total":24,"covered":24,"skipped":0,"pct":100},"branches":{"total":0,"covered":0,"skipped":0,"pct":100}}
,"D:\\petalpath\\PETALPATH_app_v2.0\\backend\\src\\modules\\learning-state\\infrastructure\\repositories\\state.repository.ts": {"lines":{"total":9,"covered":9,"skipped":0,"pct":100},"functions":{"total":5,"covered":5,"skipped":0,"pct":100},"statements":{"total":9,"covered":9,"skipped":0,"pct":100},"branches":{"total":8,"covered":8,"skipped":0,"pct":100}}
,"D:\\petalpath\\PETALPATH_app_v2.0\\backend\\src\\modules\\lessons\\lessons.controller.ts": {"lines":{"total":34,"covered":1,"skipped":0,"pct":2.94},"functions":{"total":5,"covered":0,"skipped":0,"pct":0},"statements":{"total":34,"covered":1,"skipped":0,"pct":2.94},"branches":{"total":6,"covered":0,"skipped":0,"pct":0}}
,"D:\\petalpath\\PETALPATH_app_v2.0\\backend\\src\\modules\\lessons\\lessons.repository.ts": {"lines":{"total":7,"covered":1,"skipped":0,"pct":14.28},"functions":{"total":6,"covered":0,"skipped":0,"pct":0},"statements":{"total":7,"covered":1,"skipped":0,"pct":14.28},"branches":{"total":0,"covered":0,"skipped":0,"pct":100}}
,"D:\\petalpath\\PETALPATH_app_v2.0\\backend\\src\\modules\\lessons\\lessons.routes.ts": {"lines":{"total":6,"covered":6,"skipped":0,"pct":100},"functions":{"total":0,"covered":0,"skipped":0,"pct":100},"statements":{"total":6,"covered":6,"skipped":0,"pct":100},"branches":{"total":0,"covered":0,"skipped":0,"pct":100}}
,"D:\\petalpath\\PETALPATH_app_v2.0\\backend\\src\\modules\\lessons\\lessons.service.ts": {"lines":{"total":8,"covered":1,"skipped":0,"pct":12.5},"functions":{"total":5,"covered":0,"skipped":0,"pct":0},"statements":{"total":8,"covered":1,"skipped":0,"pct":12.5},"branches":{"total":2,"covered":0,"skipped":0,"pct":0}}
,"D:\\petalpath\\PETALPATH_app_v2.0\\backend\\src\\modules\\lessons\\lessons.validator.ts": {"lines":{"total":2,"covered":2,"skipped":0,"pct":100},"functions":{"total":0,"covered":0,"skipped":0,"pct":100},"statements":{"total":2,"covered":2,"skipped":0,"pct":100},"branches":{"total":0,"covered":0,"skipped":0,"pct":100}}
,"D:\\petalpath\\PETALPATH_app_v2.0\\backend\\src\\modules\\listen-progress\\listen-progress.controller.ts": {"lines":{"total":33,"covered":1,"skipped":0,"pct":3.03},"functions":{"total":3,"covered":0,"skipped":0,"pct":0},"statements":{"total":33,"covered":1,"skipped":0,"pct":3.03},"branches":{"total":16,"covered":0,"skipped":0,"pct":0}}
,"D:\\petalpath\\PETALPATH_app_v2.0\\backend\\src\\modules\\listen-progress\\listen-progress.repository.ts": {"lines":{"total":8,"covered":1,"skipped":0,"pct":12.5},"functions":{"total":3,"covered":0,"skipped":0,"pct":0},"statements":{"total":8,"covered":1,"skipped":0,"pct":12.5},"branches":{"total":6,"covered":0,"skipped":0,"pct":0}}
,"D:\\petalpath\\PETALPATH_app_v2.0\\backend\\src\\modules\\listen-progress\\listen-progress.routes.ts": {"lines":{"total":5,"covered":5,"skipped":0,"pct":100},"functions":{"total":0,"covered":0,"skipped":0,"pct":100},"statements":{"total":5,"covered":5,"skipped":0,"pct":100},"branches":{"total":0,"covered":0,"skipped":0,"pct":100}}
,"D:\\petalpath\\PETALPATH_app_v2.0\\backend\\src\\modules\\listen-progress\\listen-progress.service.ts": {"lines":{"total":18,"covered":1,"skipped":0,"pct":5.55},"functions":{"total":3,"covered":0,"skipped":0,"pct":0},"statements":{"total":18,"covered":1,"skipped":0,"pct":5.55},"branches":{"total":8,"covered":0,"skipped":0,"pct":0}}
,"D:\\petalpath\\PETALPATH_app_v2.0\\backend\\src\\modules\\mastery\\mastery.controller.ts": {"lines":{"total":44,"covered":25,"skipped":0,"pct":56.81},"functions":{"total":4,"covered":3,"skipped":0,"pct":75},"statements":{"total":44,"covered":25,"skipped":0,"pct":56.81},"branches":{"total":24,"covered":11,"skipped":0,"pct":45.83}}
,"D:\\petalpath\\PETALPATH_app_v2.0\\backend\\src\\modules\\mastery\\mastery.routes.ts": {"lines":{"total":6,"covered":6,"skipped":0,"pct":100},"functions":{"total":0,"covered":0,"skipped":0,"pct":100},"statements":{"total":6,"covered":6,"skipped":0,"pct":100},"branches":{"total":0,"covered":0,"skipped":0,"pct":100}}
,"D:\\petalpath\\PETALPATH_app_v2.0\\backend\\src\\modules\\mastery\\mastery.service.ts": {"lines":{"total":74,"covered":50,"skipped":0,"pct":67.56},"functions":{"total":11,"covered":9,"skipped":0,"pct":81.81},"statements":{"total":76,"covered":51,"skipped":0,"pct":67.1},"branches":{"total":37,"covered":19,"skipped":0,"pct":51.35}}
,"D:\\petalpath\\PETALPATH_app_v2.0\\backend\\src\\modules\\mastery\\mastery.validator.ts": {"lines":{"total":3,"covered":3,"skipped":0,"pct":100},"functions":{"total":1,"covered":1,"skipped":0,"pct":100},"statements":{"total":3,"covered":3,"skipped":0,"pct":100},"branches":{"total":0,"covered":0,"skipped":0,"pct":100}}
,"D:\\petalpath\\PETALPATH_app_v2.0\\backend\\src\\modules\\mastery\\repositories\\regression-log.repository.ts": {"lines":{"total":4,"covered":4,"skipped":0,"pct":100},"functions":{"total":3,"covered":3,"skipped":0,"pct":100},"statements":{"total":4,"covered":4,"skipped":0,"pct":100},"branches":{"total":0,"covered":0,"skipped":0,"pct":100}}
,"D:\\petalpath\\PETALPATH_app_v2.0\\backend\\src\\modules\\mastery\\repositories\\review-schedule.repository.ts": {"lines":{"total":16,"covered":5,"skipped":0,"pct":31.25},"functions":{"total":11,"covered":2,"skipped":0,"pct":18.18},"statements":{"total":17,"covered":5,"skipped":0,"pct":29.41},"branches":{"total":2,"covered":1,"skipped":0,"pct":50}}
,"D:\\petalpath\\PETALPATH_app_v2.0\\backend\\src\\modules\\mastery\\repositories\\skill-health.repository.ts": {"lines":{"total":7,"covered":6,"skipped":0,"pct":85.71},"functions":{"total":5,"covered":4,"skipped":0,"pct":80},"statements":{"total":7,"covered":6,"skipped":0,"pct":85.71},"branches":{"total":0,"covered":0,"skipped":0,"pct":100}}
,"D:\\petalpath\\PETALPATH_app_v2.0\\backend\\src\\modules\\mastery\\repositories\\skill-history.repository.ts": {"lines":{"total":3,"covered":3,"skipped":0,"pct":100},"functions":{"total":2,"covered":2,"skipped":0,"pct":100},"statements":{"total":3,"covered":3,"skipped":0,"pct":100},"branches":{"total":0,"covered":0,"skipped":0,"pct":100}}
,"D:\\petalpath\\PETALPATH_app_v2.0\\backend\\src\\modules\\mentors\\mentors.controller.ts": {"lines":{"total":14,"covered":2,"skipped":0,"pct":14.28},"functions":{"total":3,"covered":0,"skipped":0,"pct":0},"statements":{"total":15,"covered":2,"skipped":0,"pct":13.33},"branches":{"total":2,"covered":0,"skipped":0,"pct":0}}
,"D:\\petalpath\\PETALPATH_app_v2.0\\backend\\src\\modules\\mentors\\mentors.repository.ts": {"lines":{"total":4,"covered":1,"skipped":0,"pct":25},"functions":{"total":3,"covered":0,"skipped":0,"pct":0},"statements":{"total":4,"covered":1,"skipped":0,"pct":25},"branches":{"total":0,"covered":0,"skipped":0,"pct":100}}
,"D:\\petalpath\\PETALPATH_app_v2.0\\backend\\src\\modules\\mentors\\mentors.routes.ts": {"lines":{"total":4,"covered":4,"skipped":0,"pct":100},"functions":{"total":0,"covered":0,"skipped":0,"pct":100},"statements":{"total":4,"covered":4,"skipped":0,"pct":100},"branches":{"total":0,"covered":0,"skipped":0,"pct":100}}
,"D:\\petalpath\\PETALPATH_app_v2.0\\backend\\src\\modules\\mentors\\mentors.service.ts": {"lines":{"total":6,"covered":1,"skipped":0,"pct":16.66},"functions":{"total":2,"covered":0,"skipped":0,"pct":0},"statements":{"total":6,"covered":1,"skipped":0,"pct":16.66},"branches":{"total":2,"covered":0,"skipped":0,"pct":0}}
,"D:\\petalpath\\PETALPATH_app_v2.0\\backend\\src\\modules\\modules\\modules.controller.ts": {"lines":{"total":33,"covered":1,"skipped":0,"pct":3.03},"functions":{"total":5,"covered":0,"skipped":0,"pct":0},"statements":{"total":33,"covered":1,"skipped":0,"pct":3.03},"branches":{"total":6,"covered":0,"skipped":0,"pct":0}}
,"D:\\petalpath\\PETALPATH_app_v2.0\\backend\\src\\modules\\modules\\modules.repository.ts": {"lines":{"total":7,"covered":1,"skipped":0,"pct":14.28},"functions":{"total":6,"covered":0,"skipped":0,"pct":0},"statements":{"total":7,"covered":1,"skipped":0,"pct":14.28},"branches":{"total":0,"covered":0,"skipped":0,"pct":100}}
,"D:\\petalpath\\PETALPATH_app_v2.0\\backend\\src\\modules\\modules\\modules.routes.ts": {"lines":{"total":6,"covered":6,"skipped":0,"pct":100},"functions":{"total":0,"covered":0,"skipped":0,"pct":100},"statements":{"total":6,"covered":6,"skipped":0,"pct":100},"branches":{"total":0,"covered":0,"skipped":0,"pct":100}}
,"D:\\petalpath\\PETALPATH_app_v2.0\\backend\\src\\modules\\modules\\modules.service.ts": {"lines":{"total":8,"covered":1,"skipped":0,"pct":12.5},"functions":{"total":5,"covered":0,"skipped":0,"pct":0},"statements":{"total":8,"covered":1,"skipped":0,"pct":12.5},"branches":{"total":2,"covered":0,"skipped":0,"pct":0}}
,"D:\\petalpath\\PETALPATH_app_v2.0\\backend\\src\\modules\\modules\\modules.validator.ts": {"lines":{"total":2,"covered":2,"skipped":0,"pct":100},"functions":{"total":0,"covered":0,"skipped":0,"pct":100},"statements":{"total":2,"covered":2,"skipped":0,"pct":100},"branches":{"total":0,"covered":0,"skipped":0,"pct":100}}
,"D:\\petalpath\\PETALPATH_app_v2.0\\backend\\src\\modules\\progress\\category-progress.service.ts": {"lines":{"total":12,"covered":1,"skipped":0,"pct":8.33},"functions":{"total":2,"covered":0,"skipped":0,"pct":0},"statements":{"total":15,"covered":1,"skipped":0,"pct":6.66},"branches":{"total":6,"covered":0,"skipped":0,"pct":0}}
,"D:\\petalpath\\PETALPATH_app_v2.0\\backend\\src\\modules\\progress\\module-progress.service.ts": {"lines":{"total":12,"covered":1,"skipped":0,"pct":8.33},"functions":{"total":2,"covered":0,"skipped":0,"pct":0},"statements":{"total":15,"covered":1,"skipped":0,"pct":6.66},"branches":{"total":6,"covered":0,"skipped":0,"pct":0}}
,"D:\\petalpath\\PETALPATH_app_v2.0\\backend\\src\\modules\\progress\\progress.controller.ts": {"lines":{"total":86,"covered":1,"skipped":0,"pct":1.16},"functions":{"total":10,"covered":0,"skipped":0,"pct":0},"statements":{"total":89,"covered":1,"skipped":0,"pct":1.12},"branches":{"total":38,"covered":0,"skipped":0,"pct":0}}
,"D:\\petalpath\\PETALPATH_app_v2.0\\backend\\src\\modules\\progress\\progress.repository.ts": {"lines":{"total":80,"covered":7,"skipped":0,"pct":8.75},"functions":{"total":14,"covered":6,"skipped":0,"pct":42.85},"statements":{"total":84,"covered":7,"skipped":0,"pct":8.33},"branches":{"total":73,"covered":0,"skipped":0,"pct":0}}
,"D:\\petalpath\\PETALPATH_app_v2.0\\backend\\src\\modules\\progress\\progress.routes.ts": {"lines":{"total":9,"covered":9,"skipped":0,"pct":100},"functions":{"total":0,"covered":0,"skipped":0,"pct":100},"statements":{"total":9,"covered":9,"skipped":0,"pct":100},"branches":{"total":0,"covered":0,"skipped":0,"pct":100}}
,"D:\\petalpath\\PETALPATH_app_v2.0\\backend\\src\\modules\\questionnaires\\questionnaires.controller.ts": {"lines":{"total":16,"covered":1,"skipped":0,"pct":6.25},"functions":{"total":5,"covered":0,"skipped":0,"pct":0},"statements":{"total":16,"covered":1,"skipped":0,"pct":6.25},"branches":{"total":0,"covered":0,"skipped":0,"pct":100}}
,"D:\\petalpath\\PETALPATH_app_v2.0\\backend\\src\\modules\\questionnaires\\questionnaires.routes.ts": {"lines":{"total":6,"covered":6,"skipped":0,"pct":100},"functions":{"total":0,"covered":0,"skipped":0,"pct":100},"statements":{"total":6,"covered":6,"skipped":0,"pct":100},"branches":{"total":0,"covered":0,"skipped":0,"pct":100}}
,"D:\\petalpath\\PETALPATH_app_v2.0\\backend\\src\\modules\\recommendation-generation\\index.ts": {"lines":{"total":24,"covered":5,"skipped":0,"pct":20.83},"functions":{"total":11,"covered":2,"skipped":0,"pct":18.18},"statements":{"total":29,"covered":5,"skipped":0,"pct":17.24},"branches":{"total":26,"covered":1,"skipped":0,"pct":3.84}}
,"D:\\petalpath\\PETALPATH_app_v2.0\\backend\\src\\modules\\recommendation-generation\\application\\services\\debt-recommendation.service.ts": {"lines":{"total":25,"covered":25,"skipped":0,"pct":100},"functions":{"total":2,"covered":2,"skipped":0,"pct":100},"statements":{"total":30,"covered":30,"skipped":0,"pct":100},"branches":{"total":16,"covered":16,"skipped":0,"pct":100}}
,"D:\\petalpath\\PETALPATH_app_v2.0\\backend\\src\\modules\\recommendation-generation\\application\\services\\recommendation-builder.service.ts": {"lines":{"total":28,"covered":28,"skipped":0,"pct":100},"functions":{"total":10,"covered":10,"skipped":0,"pct":100},"statements":{"total":29,"covered":29,"skipped":0,"pct":100},"branches":{"total":6,"covered":6,"skipped":0,"pct":100}}
,"D:\\petalpath\\PETALPATH_app_v2.0\\backend\\src\\modules\\recommendation-generation\\application\\services\\recommendation-explanation.service.ts": {"lines":{"total":31,"covered":26,"skipped":0,"pct":83.87},"functions":{"total":5,"covered":5,"skipped":0,"pct":100},"statements":{"total":33,"covered":27,"skipped":0,"pct":81.81},"branches":{"total":18,"covered":11,"skipped":0,"pct":61.11}}
,"D:\\petalpath\\PETALPATH_app_v2.0\\backend\\src\\modules\\recommendation-generation\\application\\services\\recommendation-filtering.service.ts": {"lines":{"total":29,"covered":28,"skipped":0,"pct":96.55},"functions":{"total":8,"covered":8,"skipped":0,"pct":100},"statements":{"total":34,"covered":33,"skipped":0,"pct":97.05},"branches":{"total":12,"covered":11,"skipped":0,"pct":91.66}}
,"D:\\petalpath\\PETALPATH_app_v2.0\\backend\\src\\modules\\recommendation-generation\\application\\services\\recommendation-generation-engine.service.ts": {"lines":{"total":45,"covered":42,"skipped":0,"pct":93.33},"functions":{"total":12,"covered":12,"skipped":0,"pct":100},"statements":{"total":45,"covered":42,"skipped":0,"pct":93.33},"branches":{"total":8,"covered":2,"skipped":0,"pct":25}}
,"D:\\petalpath\\PETALPATH_app_v2.0\\backend\\src\\modules\\recommendation-generation\\application\\services\\recommendation-ranking.service.ts": {"lines":{"total":20,"covered":18,"skipped":0,"pct":90},"functions":{"total":4,"covered":4,"skipped":0,"pct":100},"statements":{"total":22,"covered":20,"skipped":0,"pct":90.9},"branches":{"total":10,"covered":7,"skipped":0,"pct":70}}
,"D:\\petalpath\\PETALPATH_app_v2.0\\backend\\src\\modules\\recommendation-generation\\application\\services\\recovery-recommendation.service.ts": {"lines":{"total":17,"covered":17,"skipped":0,"pct":100},"functions":{"total":2,"covered":2,"skipped":0,"pct":100},"statements":{"total":18,"covered":18,"skipped":0,"pct":100},"branches":{"total":10,"covered":9,"skipped":0,"pct":90}}
,"D:\\petalpath\\PETALPATH_app_v2.0\\backend\\src\\modules\\recommendation-generation\\application\\services\\reinforcement-recommendation.service.ts": {"lines":{"total":29,"covered":29,"skipped":0,"pct":100},"functions":{"total":2,"covered":2,"skipped":0,"pct":100},"statements":{"total":33,"covered":33,"skipped":0,"pct":100},"branches":{"total":23,"covered":22,"skipped":0,"pct":95.65}}
,"D:\\petalpath\\PETALPATH_app_v2.0\\backend\\src\\modules\\recommendation-generation\\application\\services\\review-recommendation.service.ts": {"lines":{"total":20,"covered":19,"skipped":0,"pct":95},"functions":{"total":1,"covered":1,"skipped":0,"pct":100},"statements":{"total":21,"covered":20,"skipped":0,"pct":95.23},"branches":{"total":12,"covered":10,"skipped":0,"pct":83.33}}
,"D:\\petalpath\\PETALPATH_app_v2.0\\backend\\src\\modules\\recommendation-generation\\application\\services\\roadmap-recommendation.service.ts": {"lines":{"total":30,"covered":30,"skipped":0,"pct":100},"functions":{"total":4,"covered":4,"skipped":0,"pct":100},"statements":{"total":34,"covered":33,"skipped":0,"pct":97.05},"branches":{"total":18,"covered":16,"skipped":0,"pct":88.88}}
,"D:\\petalpath\\PETALPATH_app_v2.0\\backend\\src\\modules\\recommendation-generation\\domain\\errors.ts": {"lines":{"total":8,"covered":8,"skipped":0,"pct":100},"functions":{"total":3,"covered":3,"skipped":0,"pct":100},"statements":{"total":8,"covered":8,"skipped":0,"pct":100},"branches":{"total":3,"covered":1,"skipped":0,"pct":33.33}}
,"D:\\petalpath\\PETALPATH_app_v2.0\\backend\\src\\modules\\recommendation-generation\\domain\\entities\\recommendation-context.entity.ts": {"lines":{"total":10,"covered":10,"skipped":0,"pct":100},"functions":{"total":10,"covered":10,"skipped":0,"pct":100},"statements":{"total":10,"covered":10,"skipped":0,"pct":100},"branches":{"total":0,"covered":0,"skipped":0,"pct":100}}
,"D:\\petalpath\\PETALPATH_app_v2.0\\backend\\src\\modules\\recommendation-generation\\domain\\entities\\recommendation-set.entity.ts": {"lines":{"total":11,"covered":9,"skipped":0,"pct":81.81},"functions":{"total":12,"covered":10,"skipped":0,"pct":83.33},"statements":{"total":12,"covered":10,"skipped":0,"pct":83.33},"branches":{"total":2,"covered":2,"skipped":0,"pct":100}}
[...]
,"D:\\petalpath\\PETALPATH_app_v2.0\\backend\\src\\modules\\reinforcement\\reinforcement-engine.service.ts": {"lines":{"total":69,"covered":23,"skipped":0,"pct":33.33},"functions":{"total":13,"covered":6,"skipped":0,"pct":46.15},"statements":{"total":69,"covered":23,"skipped":0,"pct":33.33},"branches":{"total":30,"covered":2,"skipped":0,"pct":6.66}}
,"D:\\petalpath\\PETALPATH_app_v2.0\\backend\\src\\modules\\reinforcement\\reinforcement.controller.ts": {"lines":{"total":47,"covered":28,"skipped":0,"pct":59.57},"functions":{"total":5,"covered":4,"skipped":0,"pct":80},"statements":{"total":47,"covered":28,"skipped":0,"pct":59.57},"branches":{"total":16,"covered":7,"skipped":0,"pct":43.75}}
,"D:\\petalpath\\PETALPATH_app_v2.0\\backend\\src\\modules\\reinforcement\\reinforcement.routes.ts": {"lines":{"total":7,"covered":7,"skipped":0,"pct":100},"functions":{"total":0,"covered":0,"skipped":0,"pct":100},"statements":{"total":7,"covered":7,"skipped":0,"pct":100},"branches":{"total":0,"covered":0,"skipped":0,"pct":100}}
,"D:\\petalpath\\PETALPATH_app_v2.0\\backend\\src\\modules\\reinforcement\\repositories\\reinforcement-event.repository.ts": {"lines":{"total":4,"covered":4,"skipped":0,"pct":100},"functions":{"total":3,"covered":3,"skipped":0,"pct":100},"statements":{"total":4,"covered":4,"skipped":0,"pct":100},"branches":{"total":2,"covered":2,"skipped":0,"pct":100}}
,"D:\\petalpath\\PETALPATH_app_v2.0\\backend\\src\\modules\\reinforcement\\repositories\\reinforcement-history.repository.ts": {"lines":{"total":5,"covered":5,"skipped":0,"pct":100},"functions":{"total":4,"covered":4,"skipped":0,"pct":100},"statements":{"total":5,"covered":5,"skipped":0,"pct":100},"branches":{"total":2,"covered":2,"skipped":0,"pct":100}}
,"D:\\petalpath\\PETALPATH_app_v2.0\\backend\\src\\modules\\reinforcement\\repositories\\reinforcement-queue.repository.ts": {"lines":{"total":9,"covered":8,"skipped":0,"pct":88.88},"functions":{"total":8,"covered":7,"skipped":0,"pct":87.5},"statements":{"total":9,"covered":8,"skipped":0,"pct":88.88},"branches":{"total":2,"covered":2,"skipped":0,"pct":100}}
,"D:\\petalpath\\PETALPATH_app_v2.0\\backend\\src\\modules\\rewards\\rewards.controller.ts": {"lines":{"total":33,"covered":1,"skipped":0,"pct":3.03},"functions":{"total":9,"covered":0,"skipped":0,"pct":0},"statements":{"total":37,"covered":1,"skipped":0,"pct":2.7},"branches":{"total":8,"covered":0,"skipped":0,"pct":0}}
,"D:\\petalpath\\PETALPATH_app_v2.0\\backend\\src\\modules\\rewards\\rewards.repository.ts": {"lines":{"total":7,"covered":6,"skipped":0,"pct":85.71},"functions":{"total":6,"covered":5,"skipped":0,"pct":83.33},"statements":{"total":7,"covered":6,"skipped":0,"pct":85.71},"branches":{"total":0,"covered":0,"skipped":0,"pct":100}}
,"D:\\petalpath\\PETALPATH_app_v2.0\\backend\\src\\modules\\rewards\\rewards.routes.ts": {"lines":{"total":5,"covered":5,"skipped":0,"pct":100},"functions":{"total":0,"covered":0,"skipped":0,"pct":100},"statements":{"total":5,"covered":5,"skipped":0,"pct":100},"branches":{"total":0,"covered":0,"skipped":0,"pct":100}}
,"D:\\petalpath\\PETALPATH_app_v2.0\\backend\\src\\modules\\rewards\\rewards.service.ts": {"lines":{"total":56,"covered":2,"skipped":0,"pct":3.57},"functions":{"total":11,"covered":0,"skipped":0,"pct":0},"statements":{"total":65,"covered":2,"skipped":0,"pct":3.07},"branches":{"total":26,"covered":0,"skipped":0,"pct":0}}
,"D:\\petalpath\\PETALPATH_app_v2.0\\backend\\src\\modules\\roadmap\\roadmap.controller.ts": {"lines":{"total":8,"covered":1,"skipped":0,"pct":12.5},"functions":{"total":1,"covered":0,"skipped":0,"pct":0},"statements":{"total":8,"covered":1,"skipped":0,"pct":12.5},"branches":{"total":2,"covered":0,"skipped":0,"pct":0}}
,"D:\\petalpath\\PETALPATH_app_v2.0\\backend\\src\\modules\\roadmap\\roadmap.repository.ts": {"lines":{"total":3,"covered":1,"skipped":0,"pct":33.33},"functions":{"total":2,"covered":0,"skipped":0,"pct":0},"statements":{"total":3,"covered":1,"skipped":0,"pct":33.33},"branches":{"total":0,"covered":0,"skipped":0,"pct":100}}
,"D:\\petalpath\\PETALPATH_app_v2.0\\backend\\src\\modules\\roadmap\\roadmap.routes.ts": {"lines":{"total":2,"covered":2,"skipped":0,"pct":100},"functions":{"total":0,"covered":0,"skipped":0,"pct":100},"statements":{"total":2,"covered":2,"skipped":0,"pct":100},"branches":{"total":0,"covered":0,"skipped":0,"pct":100}}
,"D:\\petalpath\\PETALPATH_app_v2.0\\backend\\src\\modules\\roadmap\\roadmap.service.ts": {"lines":{"total":47,"covered":2,"skipped":0,"pct":4.25},"functions":{"total":10,"covered":0,"skipped":0,"pct":0},"statements":{"total":51,"covered":2,"skipped":0,"pct":3.92},"branches":{"total":33,"covered":0,"skipped":0,"pct":0}}
,"D:\\petalpath\\PETALPATH_app_v2.0\\backend\\src\\modules\\session\\session-planner.service.ts": {"lines":{"total":149,"covered":55,"skipped":0,"pct":36.91},"functions":{"total":19,"covered":4,"skipped":0,"pct":21.05},"statements":{"total":165,"covered":56,"skipped":0,"pct":33.93},"branches":{"total":95,"covered":26,"skipped":0,"pct":27.36}}
,"D:\\petalpath\\PETALPATH_app_v2.0\\backend\\src\\modules\\session\\session.controller.ts": {"lines":{"total":97,"covered":31,"skipped":0,"pct":31.95},"functions":{"total":12,"covered":5,"skipped":0,"pct":41.66},"statements":{"total":97,"covered":31,"skipped":0,"pct":31.95},"branches":{"total":34,"covered":9,"skipped":0,"pct":26.47}}
,"D:\\petalpath\\PETALPATH_app_v2.0\\backend\\src\\modules\\session\\session.routes.ts": {"lines":{"total":14,"covered":14,"skipped":0,"pct":100},"functions":{"total":0,"covered":0,"skipped":0,"pct":100},"statements":{"total":14,"covered":14,"skipped":0,"pct":100},"branches":{"total":0,"covered":0,"skipped":0,"pct":100}}
,"D:\\petalpath\\PETALPATH_app_v2.0\\backend\\src\\modules\\session\\repositories\\session-block.repository.ts": {"lines":{"total":4,"covered":4,"skipped":0,"pct":100},"functions":{"total":3,"covered":3,"skipped":0,"pct":100},"statements":{"total":4,"covered":4,"skipped":0,"pct":100},"branches":{"total":6,"covered":6,"skipped":0,"pct":100}}
,"D:\\petalpath\\PETALPATH_app_v2.0\\backend\\src\\modules\\session\\repositories\\session-event.repository.ts": {"lines":{"total":4,"covered":4,"skipped":0,"pct":100},"functions":{"total":3,"covered":3,"skipped":0,"pct":100},"statements":{"total":4,"covered":4,"skipped":0,"pct":100},"branches":{"total":3,"covered":3,"skipped":0,"pct":100}}
,"D:\\petalpath\\PETALPATH_app_v2.0\\backend\\src\\modules\\session\\repositories\\session-plan.repository.ts": {"lines":{"total":7,"covered":7,"skipped":0,"pct":100},"functions":{"total":6,"covered":6,"skipped":0,"pct":100},"statements":{"total":7,"covered":7,"skipped":0,"pct":100},"branches":{"total":5,"covered":4,"skipped":0,"pct":80}}
,"D:\\petalpath\\PETALPATH_app_v2.0\\backend\\src\\modules\\session\\repositories\\session-template.repository.ts": {"lines":{"total":14,"covered":14,"skipped":0,"pct":100},"functions":{"total":6,"covered":6,"skipped":0,"pct":100},"statements":{"total":15,"covered":14,"skipped":0,"pct":93.33},"branches":{"total":6,"covered":5,"skipped":0,"pct":83.33}}
,"D:\\petalpath\\PETALPATH_app_v2.0\\backend\\src\\modules\\speak-progress\\speak-progress.controller.ts": {"lines":{"total":33,"covered":1,"skipped":0,"pct":3.03},"functions":{"total":3,"covered":0,"skipped":0,"pct":0},"statements":{"total":33,"covered":1,"skipped":0,"pct":3.03},"branches":{"total":20,"covered":0,"skipped":0,"pct":0}}
,"D:\\petalpath\\PETALPATH_app_v2.0\\backend\\src\\modules\\speak-progress\\speak-progress.repository.ts": {"lines":{"total":24,"covered":1,"skipped":0,"pct":4.16},"functions":{"total":3,"covered":0,"skipped":0,"pct":0},"statements":{"total":24,"covered":1,"skipped":0,"pct":4.16},"branches":{"total":24,"covered":0,"skipped":0,"pct":0}}
,"D:\\petalpath\\PETALPATH_app_v2.0\\backend\\src\\modules\\speak-progress\\speak-progress.routes.ts": {"lines":{"total":5,"covered":5,"skipped":0,"pct":100},"functions":{"total":0,"covered":0,"skipped":0,"pct":100},"statements":{"total":5,"covered":5,"skipped":0,"pct":100},"branches":{"total":0,"covered":0,"skipped":0,"pct":100}}
,"D:\\petalpath\\PETALPATH_app_v2.0\\backend\\src\\modules\\speak-progress\\speak-progress.service.ts": {"lines":{"total":22,"covered":1,"skipped":0,"pct":4.54},"functions":{"total":3,"covered":0,"skipped":0,"pct":0},"statements":{"total":22,"covered":1,"skipped":0,"pct":4.54},"branches":{"total":12,"covered":0,"skipped":0,"pct":0}}
,"D:\\petalpath\\PETALPATH_app_v2.0\\backend\\src\\modules\\stars\\star.service.ts": {"lines":{"total":13,"covered":1,"skipped":0,"pct":7.69},"functions":{"total":4,"covered":0,"skipped":0,"pct":0},"statements":{"total":20,"covered":1,"skipped":0,"pct":5},"branches":{"total":12,"covered":0,"skipped":0,"pct":0}}
,"D:\\petalpath\\PETALPATH_app_v2.0\\backend\\src\\modules\\stories\\stories.controller.ts": {"lines":{"total":16,"covered":1,"skipped":0,"pct":6.25},"functions":{"total":5,"covered":0,"skipped":0,"pct":0},"statements":{"total":16,"covered":1,"skipped":0,"pct":6.25},"branches":{"total":0,"covered":0,"skipped":0,"pct":100}}
,"D:\\petalpath\\PETALPATH_app_v2.0\\backend\\src\\modules\\stories\\stories.routes.ts": {"lines":{"total":6,"covered":6,"skipped":0,"pct":100},"functions":{"total":0,"covered":0,"skipped":0,"pct":100},"statements":{"total":6,"covered":6,"skipped":0,"pct":100},"branches":{"total":0,"covered":0,"skipped":0,"pct":100}}
,"D:\\petalpath\\PETALPATH_app_v2.0\\backend\\src\\modules\\users\\auth.controller.ts": {"lines":{"total":65,"covered":48,"skipped":0,"pct":73.84},"functions":{"total":9,"covered":8,"skipped":0,"pct":88.88},"statements":{"total":65,"covered":48,"skipped":0,"pct":73.84},"branches":{"total":18,"covered":9,"skipped":0,"pct":50}}
,"D:\\petalpath\\PETALPATH_app_v2.0\\backend\\src\\modules\\users\\auth.routes.ts": {"lines":{"total":10,"covered":10,"skipped":0,"pct":100},"functions":{"total":0,"covered":0,"skipped":0,"pct":100},"statements":{"total":10,"covered":10,"skipped":0,"pct":100},"branches":{"total":0,"covered":0,"skipped":0,"pct":100}}
,"D:\\petalpath\\PETALPATH_app_v2.0\\backend\\src\\modules\\users\\auth.service.ts": {"lines":{"total":105,"covered":67,"skipped":0,"pct":63.8},"functions":{"total":11,"covered":9,"skipped":0,"pct":81.81},"statements":{"total":105,"covered":67,"skipped":0,"pct":63.8},"branches":{"total":52,"covered":26,"skipped":0,"pct":50}}
,"D:\\petalpath\\PETALPATH_app_v2.0\\backend\\src\\modules\\users\\auth.validator.ts": {"lines":{"total":5,"covered":5,"skipped":0,"pct":100},"functions":{"total":0,"covered":0,"skipped":0,"pct":100},"statements":{"total":5,"covered":5,"skipped":0,"pct":100},"branches":{"total":0,"covered":0,"skipped":0,"pct":100}}
,"D:\\petalpath\\PETALPATH_app_v2.0\\backend\\src\\modules\\users\\refresh-token.repository.ts": {"lines":{"total":5,"covered":5,"skipped":0,"pct":100},"functions":{"total":4,"covered":4,"skipped":0,"pct":100},"statements":{"total":5,"covered":5,"skipped":0,"pct":100},"branches":{"total":0,"covered":0,"skipped":0,"pct":100}}
,"D:\\petalpath\\PETALPATH_app_v2.0\\backend\\src\\modules\\users\\users.controller.ts": {"lines":{"total":16,"covered":1,"skipped":0,"pct":6.25},"functions":{"total":5,"covered":0,"skipped":0,"pct":0},"statements":{"total":16,"covered":1,"skipped":0,"pct":6.25},"branches":{"total":0,"covered":0,"skipped":0,"pct":100}}
,"D:\\petalpath\\PETALPATH_app_v2.0\\backend\\src\\modules\\users\\users.repository.ts": {"lines":{"total":9,"covered":9,"skipped":0,"pct":100},"functions":{"total":8,"covered":8,"skipped":0,"pct":100},"statements":{"total":9,"covered":9,"skipped":0,"pct":100},"branches":{"total":0,"covered":0,"skipped":0,"pct":100}}
,"D:\\petalpath\\PETALPATH_app_v2.0\\backend\\src\\modules\\users\\users.routes.ts": {"lines":{"total":6,"covered":6,"skipped":0,"pct":100},"functions":{"total":0,"covered":0,"skipped":0,"pct":100},"statements":{"total":6,"covered":6,"skipped":0,"pct":100},"branches":{"total":0,"covered":0,"skipped":0,"pct":100}}
,"D:\\petalpath\\PETALPATH_app_v2.0\\backend\\src\\modules\\video-progress\\video-progress.controller.ts": {"lines":{"total":33,"covered":1,"skipped":0,"pct":3.03},"functions":{"total":3,"covered":0,"skipped":0,"pct":0},"statements":{"total":33,"covered":1,"skipped":0,"pct":3.03},"branches":{"total":16,"covered":0,"skipped":0,"pct":0}}
,"D:\\petalpath\\PETALPATH_app_v2.0\\backend\\src\\modules\\video-progress\\video-progress.repository.ts": {"lines":{"total":4,"covered":1,"skipped":0,"pct":25},"functions":{"total":3,"covered":0,"skipped":0,"pct":0},"statements":{"total":4,"covered":1,"skipped":0,"pct":25},"branches":{"total":0,"covered":0,"skipped":0,"pct":100}}
,"D:\\petalpath\\PETALPATH_app_v2.0\\backend\\src\\modules\\video-progress\\video-progress.routes.ts": {"lines":{"total":5,"covered":5,"skipped":0,"pct":100},"functions":{"total":0,"covered":0,"skipped":0,"pct":100},"statements":{"total":5,"covered":5,"skipped":0,"pct":100},"branches":{"total":0,"covered":0,"skipped":0,"pct":100}}
,"D:\\petalpath\\PETALPATH_app_v2.0\\backend\\src\\modules\\video-progress\\video-progress.service.ts": {"lines":{"total":24,"covered":1,"skipped":0,"pct":4.16},"functions":{"total":3,"covered":0,"skipped":0,"pct":0},"statements":{"total":24,"covered":1,"skipped":0,"pct":4.16},"branches":{"total":14,"covered":0,"skipped":0,"pct":0}}
,"D:\\petalpath\\PETALPATH_app_v2.0\\backend\\src\\modules\\videos\\videos.controller.ts": {"lines":{"total":38,"covered":2,"skipped":0,"pct":5.26},"functions":{"total":6,"covered":0,"skipped":0,"pct":0},"statements":{"total":39,"covered":2,"skipped":0,"pct":5.12},"branches":{"total":10,"covered":0,"skipped":0,"pct":0}}
,"D:\\petalpath\\PETALPATH_app_v2.0\\backend\\src\\modules\\videos\\videos.repository.ts": {"lines":{"total":7,"covered":1,"skipped":0,"pct":14.28},"functions":{"total":6,"covered":0,"skipped":0,"pct":0},"statements":{"total":7,"covered":1,"skipped":0,"pct":14.28},"branches":{"total":0,"covered":0,"skipped":0,"pct":100}}
,"D:\\petalpath\\PETALPATH_app_v2.0\\backend\\src\\modules\\videos\\videos.routes.ts": {"lines":{"total":6,"covered":6,"skipped":0,"pct":100},"functions":{"total":0,"covered":0,"skipped":0,"pct":100},"statements":{"total":6,"covered":6,"skipped":0,"pct":100},"branches":{"total":0,"covered":0,"skipped":0,"pct":100}}
,"D:\\petalpath\\PETALPATH_app_v2.0\\backend\\src\\modules\\videos\\videos.service.ts": {"lines":{"total":9,"covered":1,"skipped":0,"pct":11.11},"functions":{"total":5,"covered":0,"skipped":0,"pct":0},"statements":{"total":9,"covered":1,"skipped":0,"pct":11.11},"branches":{"total":4,"covered":0,"skipped":0,"pct":0}}
,"D:\\petalpath\\PETALPATH_app_v2.0\\backend\\src\\modules\\videos\\videos.validator.ts": {"lines":{"total":2,"covered":2,"skipped":0,"pct":100},"functions":{"total":0,"covered":0,"skipped":0,"pct":100},"statements":{"total":2,"covered":2,"skipped":0,"pct":100},"branches":{"total":0,"covered":0,"skipped":0,"pct":100}}
,"D:\\petalpath\\PETALPATH_app_v2.0\\backend\\src\\modules\\write-progress\\write-progress.controller.ts": {"lines":{"total":33,"covered":1,"skipped":0,"pct":3.03},"functions":{"total":3,"covered":0,"skipped":0,"pct":0},"statements":{"total":33,"covered":1,"skipped":0,"pct":3.03},"branches":{"total":20,"covered":0,"skipped":0,"pct":0}}
,"D:\\petalpath\\PETALPATH_app_v2.0\\backend\\src\\modules\\write-progress\\write-progress.repository.ts": {"lines":{"total":24,"covered":1,"skipped":0,"pct":4.16},"functions":{"total":3,"covered":0,"skipped":0,"pct":0},"statements":{"total":24,"covered":1,"skipped":0,"pct":4.16},"branches":{"total":24,"covered":0,"skipped":0,"pct":0}}
,"D:\\petalpath\\PETALPATH_app_v2.0\\backend\\src\\modules\\write-progress\\write-progress.routes.ts": {"lines":{"total":5,"covered":5,"skipped":0,"pct":100},"functions":{"total":0,"covered":0,"skipped":0,"pct":100},"statements":{"total":5,"covered":5,"skipped":0,"pct":100},"branches":{"total":0,"covered":0,"skipped":0,"pct":100}}
,"D:\\petalpath\\PETALPATH_app_v2.0\\backend\\src\\modules\\write-progress\\write-progress.service.ts": {"lines":{"total":22,"covered":1,"skipped":0,"pct":4.54},"functions":{"total":3,"covered":0,"skipped":0,"pct":0},"statements":{"total":22,"covered":1,"skipped":0,"pct":4.54},"branches":{"total":12,"covered":0,"skipped":0,"pct":0}}
,"D:\\petalpath\\PETALPATH_app_v2.0\\backend\\src\\routes\\index.ts": {"lines":{"total":38,"covered":38,"skipped":0,"pct":100},"functions":{"total":1,"covered":1,"skipped":0,"pct":100},"statements":{"total":38,"covered":38,"skipped":0,"pct":100},"branches":{"total":0,"covered":0,"skipped":0,"pct":100}}
,"D:\\petalpath\\PETALPATH_app_v2.0\\backend\\src\\shared\\recommendation-weights.ts": {"lines":{"total":1,"covered":1,"skipped":0,"pct":100},"functions":{"total":0,"covered":0,"skipped":0,"pct":100},"statements":{"total":1,"covered":1,"skipped":0,"pct":100},"branches":{"total":0,"covered":0,"skipped":0,"pct":100}}
,"D:\\petalpath\\PETALPATH_app_v2.0\\backend\\src\\shared\\retention-formula.ts": {"lines":{"total":3,"covered":3,"skipped":0,"pct":100},"functions":{"total":1,"covered":1,"skipped":0,"pct":100},"statements":{"total":4,"covered":3,"skipped":0,"pct":75},"branches":{"total":2,"covered":1,"skipped":0,"pct":50}}
,"D:\\petalpath\\PETALPATH_app_v2.0\\backend\\src\\shared\\roadmap-utils.ts": {"lines":{"total":13,"covered":0,"skipped":0,"pct":0},"functions":{"total":2,"covered":0,"skipped":0,"pct":0},"statements":{"total":15,"covered":0,"skipped":0,"pct":0},"branches":{"total":20,"covered":0,"skipped":0,"pct":0}}
,"D:\\petalpath\\PETALPATH_app_v2.0\\backend\\src\\shared\\config\\engine.config.ts": {"lines":{"total":1,"covered":1,"skipped":0,"pct":100},"functions":{"total":0,"covered":0,"skipped":0,"pct":100},"statements":{"total":1,"covered":1,"skipped":0,"pct":100},"branches":{"total":0,"covered":0,"skipped":0,"pct":100}}
,"D:\\petalpath\\PETALPATH_app_v2.0\\backend\\src\\shared\\services\\storage.service.ts": {"lines":{"total":31,"covered":2,"skipped":0,"pct":6.45},"functions":{"total":5,"covered":1,"skipped":0,"pct":20},"statements":{"total":31,"covered":2,"skipped":0,"pct":6.45},"branches":{"total":28,"covered":1,"skipped":0,"pct":3.57}}
,"D:\\petalpath\\PETALPATH_app_v2.0\\backend\\src\\tests\\helpers\\auth.ts": {"lines":{"total":10,"covered":9,"skipped":0,"pct":90},"functions":{"total":5,"covered":4,"skipped":0,"pct":80},"statements":{"total":10,"covered":9,"skipped":0,"pct":90},"branches":{"total":14,"covered":13,"skipped":0,"pct":92.85}}
,"D:\\petalpath\\PETALPATH_app_v2.0\\backend\\src\\tests\\helpers\\factories.ts": {"lines":{"total":38,"covered":36,"skipped":0,"pct":94.73},"functions":{"total":22,"covered":20,"skipped":0,"pct":90.9},"statements":{"total":38,"covered":36,"skipped":0,"pct":94.73},"branches":{"total":23,"covered":15,"skipped":0,"pct":65.21}}
,"D:\\petalpath\\PETALPATH_app_v2.0\\backend\\src\\tests\\helpers\\setup.ts": {"lines":{"total":5,"covered":5,"skipped":0,"pct":100},"functions":{"total":2,"covered":2,"skipped":0,"pct":100},"statements":{"total":5,"covered":5,"skipped":0,"pct":100},"branches":{"total":0,"covered":0,"skipped":0,"pct":100}}
,"D:\\petalpath\\PETALPATH_app_v2.0\\backend\\src\\utils\\errors.ts": {"lines":{"total":11,"covered":10,"skipped":0,"pct":90.9},"functions":{"total":6,"covered":5,"skipped":0,"pct":83.33},"statements":{"total":11,"covered":10,"skipped":0,"pct":90.9},"branches":{"total":6,"covered":1,"skipped":0,"pct":16.66}}
,"D:\\petalpath\\PETALPATH_app_v2.0\\backend\\src\\utils\\jwt.ts": {"lines":{"total":12,"covered":12,"skipped":0,"pct":100},"functions":{"total":4,"covered":4,"skipped":0,"pct":100},"statements":{"total":12,"covered":12,"skipped":0,"pct":100},"branches":{"total":0,"covered":0,"skipped":0,"pct":100}}
,"D:\\petalpath\\PETALPATH_app_v2.0\\backend\\src\\utils\\logger.ts": {"lines":{"total":5,"covered":4,"skipped":0,"pct":80},"functions":{"total":0,"covered":0,"skipped":0,"pct":100},"statements":{"total":5,"covered":4,"skipped":0,"pct":80},"branches":{"total":4,"covered":2,"skipped":0,"pct":50}}
}
